#
# There is insufficient memory for the Java Runtime Environment to continue.
# Native memory allocation (malloc) failed to allocate 501616 bytes for Chunk::new
# Possible reasons:
#   The system is out of physical RAM or swap space
#   In 32 bit mode, the process size limit was hit
# Possible solutions:
#   Reduce memory load on the system
#   Increase physical memory or swap space
#   Check if swap backing store is full
#   Use 64 bit Java on a 64 bit OS
#   Decrease Java heap size (-Xmx/-Xms)
#   Decrease number of Java threads
#   Decrease Java thread stack sizes (-Xss)
#   Set larger code cache with -XX:ReservedCodeCacheSize=
# This output file may be truncated or incomplete.
#
#  Out of Memory Error (allocation.cpp:390), pid=18068, tid=0x000000000000547c
#
# JRE version: Java(TM) SE Runtime Environment (8.0_161-b12) (build 1.8.0_161-b12)
# Java VM: Java HotSpot(TM) 64-Bit Server VM (25.161-b12 mixed mode windows-amd64 compressed oops)
# Failed to write core dump. Minidumps are not enabled by default on client versions of Windows
#

---------------  T H R E A D  ---------------

Current thread (0x0000000019eab000):  JavaThread "C2 CompilerThread1" daemon [_thread_in_native, id=21628, stack(0x000000001b4b0000,0x000000001b5b0000)]

Stack: [0x000000001b4b0000,0x000000001b5b0000]
[error occurred during error reporting (printing stack bounds), id 0xc0000005]

Native frames: (J=compiled Java code, j=interpreted, Vv=VM code, C=native code)


Current CompileTask:
C2:   3317 3925       4       org.apache.tomcat.util.bcel.classfile.Attribute::readAttribute (527 bytes)


---------------  P R O C E S S  ---------------

Java Threads: ( => current thread )
  0x000000001c273000 JavaThread "localhost-startStop-1" daemon [_thread_in_Java, id=19840, stack(0x0000000020ef0000,0x0000000020ff0000)]
  0x000000001c270800 JavaThread "Tomcat-startStop-1" daemon [_thread_blocked, id=10408, stack(0x0000000020df0000,0x0000000020ef0000)]
  0x0000000019f3b000 JavaThread "Service Thread" daemon [_thread_blocked, id=2548, stack(0x000000001b7b0000,0x000000001b8b0000)]
  0x0000000019eb3800 JavaThread "C1 CompilerThread3" daemon [_thread_blocked, id=2544, stack(0x000000001b6b0000,0x000000001b7b0000)]
  0x0000000019eaf800 JavaThread "C2 CompilerThread2" daemon [_thread_in_native, id=5316, stack(0x000000001b5b0000,0x000000001b6b0000)]
=>0x0000000019eab000 JavaThread "C2 CompilerThread1" daemon [_thread_in_native, id=21628, stack(0x000000001b4b0000,0x000000001b5b0000)]
  0x0000000019ea9000 JavaThread "C2 CompilerThread0" daemon [_thread_in_native, id=14076, stack(0x000000001b3b0000,0x000000001b4b0000)]
  0x0000000019ea8000 JavaThread "Attach Listener" daemon [_thread_blocked, id=21720, stack(0x000000001b2b0000,0x000000001b3b0000)]
  0x0000000019ea7800 JavaThread "Signal Dispatcher" daemon [_thread_blocked, id=17392, stack(0x000000001b1b0000,0x000000001b2b0000)]
  0x0000000019e33000 JavaThread "Finalizer" daemon [_thread_blocked, id=11436, stack(0x000000001b0b0000,0x000000001b1b0000)]
  0x00000000035b9000 JavaThread "Reference Handler" daemon [_thread_blocked, id=17936, stack(0x000000001afb0000,0x000000001b0b0000)]
  0x00000000034bd800 JavaThread "main" [_thread_blocked, id=20472, stack(0x00000000032f0000,0x00000000033f0000)]

Other Threads:
  0x0000000019e12800 VMThread [stack: 0x000000001aeb0000,0x000000001afb0000] [id=3956]
  0x0000000019f4d000 WatcherThread [stack: 0x000000001b8b0000,0x000000001b9b0000] [id=18080]

VM state:not at safepoint (normal execution)

VM Mutex/Monitor currently owned by a thread: None

Heap:
 PSYoungGen      total 71680K, used 49112K [0x00000000d5e00000, 0x00000000da900000, 0x0000000100000000)
  eden space 66560K, 73% used [0x00000000d5e00000,0x00000000d8df6300,0x00000000d9f00000)
  from space 5120K, 0% used [0x00000000da400000,0x00000000da400000,0x00000000da900000)
  to   space 5120K, 0% used [0x00000000d9f00000,0x00000000d9f00000,0x00000000da400000)
 ParOldGen       total 70656K, used 14498K [0x0000000081a00000, 0x0000000085f00000, 0x00000000d5e00000)
  object space 70656K, 20% used [0x0000000081a00000,0x0000000082828968,0x0000000085f00000)
 Metaspace       used 23399K, capacity 23948K, committed 24192K, reserved 1071104K
  class space    used 2741K, capacity 2933K, committed 2944K, reserved 1048576K

Card table byte_map: [0x0000000012980000,0x0000000012d80000] byte_map_base: 0x0000000012573000

Marking Bits: (ParMarkBitMap*) 0x000000005b46f860
 Begin Bits: [0x0000000013a30000, 0x00000000159c8000)
 End Bits:   [0x00000000159c8000, 0x0000000017960000)

Polling page: 0x0000000000de0000

CodeCache: size=245760Kb used=14659Kb max_used=14659Kb free=231100Kb
 bounds [0x00000000035c0000, 0x0000000004420000, 0x00000000125c0000]
 total_blobs=4335 nmethods=3945 adapters=302
 compilation: enabled

Compilation events (10 events):
Event: 3.304 Thread 0x0000000019eb3800 3972       3       org.apache.catalina.startup.ContextConfig::populateSCIsForCacheEntry (192 bytes)
Event: 3.305 Thread 0x0000000019eb3800 nmethod 3972 0x0000000004414c90 code [0x0000000004414f60, 0x00000000044163f8]
Event: 3.305 Thread 0x0000000019eb3800 3973       3       org.apache.tomcat.util.scan.FileUrlJar::getEntryInputStream (21 bytes)
Event: 3.305 Thread 0x0000000019eb3800 nmethod 3973 0x0000000004416f10 code [0x0000000004417080, 0x00000000044172e8]
Event: 3.305 Thread 0x0000000019eb3800 3974   !   3       sun.net.www.protocol.jar.JarFileFactory::getPermission (21 bytes)
Event: 3.305 Thread 0x0000000019eb3800 nmethod 3974 0x00000000044173d0 code [0x0000000004417560, 0x0000000004417838]
Event: 3.306 Thread 0x0000000019eb3800 3975       1       sun.misc.URLClassPath$JarLoader$2::getURL (5 bytes)
Event: 3.306 Thread 0x0000000019eb3800 nmethod 3975 0x0000000004417950 code [0x0000000004417aa0, 0x0000000004417bb0]
Event: 3.309 Thread 0x0000000019eb3800 3976   !   3       org.apache.catalina.loader.WebappClassLoader::getResourceAsStream (380 bytes)
Event: 3.312 Thread 0x0000000019eb3800 nmethod 3976 0x0000000004417c10 code [0x00000000044182a0, 0x000000000441cbf8]

GC Heap History (10 events):
Event: 1.306 GC heap before
{Heap before GC invocations=3 (full 0):
 PSYoungGen      total 38400K, used 38373K [0x00000000d5e00000, 0x00000000da900000, 0x0000000100000000)
  eden space 33280K, 100% used [0x00000000d5e00000,0x00000000d7e80000,0x00000000d7e80000)
  from space 5120K, 99% used [0x00000000d8380000,0x00000000d88795a0,0x00000000d8880000)
  to   space 5120K, 0% used [0x00000000d7e80000,0x00000000d7e80000,0x00000000d8380000)
 ParOldGen       total 87552K, used 2671K [0x0000000081a00000, 0x0000000086f80000, 0x00000000d5e00000)
  object space 87552K, 3% used [0x0000000081a00000,0x0000000081c9bfb8,0x0000000086f80000)
 Metaspace       used 14923K, capacity 15182K, committed 15488K, reserved 1062912K
  class space    used 1822K, capacity 1911K, committed 1920K, reserved 1048576K
Event: 1.312 GC heap after
Heap after GC invocations=3 (full 0):
 PSYoungGen      total 38400K, used 5096K [0x00000000d5e00000, 0x00000000da900000, 0x0000000100000000)
  eden space 33280K, 0% used [0x00000000d5e00000,0x00000000d5e00000,0x00000000d7e80000)
  from space 5120K, 99% used [0x00000000d7e80000,0x00000000d837a040,0x00000000d8380000)
  to   space 5120K, 0% used [0x00000000da400000,0x00000000da400000,0x00000000da900000)
 ParOldGen       total 87552K, used 5372K [0x0000000081a00000, 0x0000000086f80000, 0x00000000d5e00000)
  object space 87552K, 6% used [0x0000000081a00000,0x0000000081f3f230,0x0000000086f80000)
 Metaspace       used 14923K, capacity 15182K, committed 15488K, reserved 1062912K
  class space    used 1822K, capacity 1911K, committed 1920K, reserved 1048576K
}
Event: 1.556 GC heap before
{Heap before GC invocations=4 (full 0):
 PSYoungGen      total 38400K, used 38376K [0x00000000d5e00000, 0x00000000da900000, 0x0000000100000000)
  eden space 33280K, 100% used [0x00000000d5e00000,0x00000000d7e80000,0x00000000d7e80000)
  from space 5120K, 99% used [0x00000000d7e80000,0x00000000d837a040,0x00000000d8380000)
  to   space 5120K, 0% used [0x00000000da400000,0x00000000da400000,0x00000000da900000)
 ParOldGen       total 87552K, used 5372K [0x0000000081a00000, 0x0000000086f80000, 0x00000000d5e00000)
  object space 87552K, 6% used [0x0000000081a00000,0x0000000081f3f230,0x0000000086f80000)
 Metaspace       used 15368K, capacity 15698K, committed 15872K, reserved 1062912K
  class space    used 1847K, capacity 1949K, committed 2048K, reserved 1048576K
Event: 1.562 GC heap after
Heap after GC invocations=4 (full 0):
 PSYoungGen      total 71680K, used 5096K [0x00000000d5e00000, 0x00000000da900000, 0x0000000100000000)
  eden space 66560K, 0% used [0x00000000d5e00000,0x00000000d5e00000,0x00000000d9f00000)
  from space 5120K, 99% used [0x00000000da400000,0x00000000da8fa040,0x00000000da900000)
  to   space 5120K, 0% used [0x00000000d9f00000,0x00000000d9f00000,0x00000000da400000)
 ParOldGen       total 87552K, used 7892K [0x0000000081a00000, 0x0000000086f80000, 0x00000000d5e00000)
  object space 87552K, 9% used [0x0000000081a00000,0x00000000821b52b8,0x0000000086f80000)
 Metaspace       used 15368K, capacity 15698K, committed 15872K, reserved 1062912K
  class space    used 1847K, capacity 1949K, committed 2048K, reserved 1048576K
}
Event: 2.186 GC heap before
{Heap before GC invocations=5 (full 0):
 PSYoungGen      total 71680K, used 71656K [0x00000000d5e00000, 0x00000000da900000, 0x0000000100000000)
  eden space 66560K, 100% used [0x00000000d5e00000,0x00000000d9f00000,0x00000000d9f00000)
  from space 5120K, 99% used [0x00000000da400000,0x00000000da8fa040,0x00000000da900000)
  to   space 5120K, 0% used [0x00000000d9f00000,0x00000000d9f00000,0x00000000da400000)
 ParOldGen       total 87552K, used 7892K [0x0000000081a00000, 0x0000000086f80000, 0x00000000d5e00000)
  object space 87552K, 9% used [0x0000000081a00000,0x00000000821b52b8,0x0000000086f80000)
 Metaspace       used 16879K, capacity 17388K, committed 17536K, reserved 1064960K
  class space    used 1978K, capacity 2134K, committed 2176K, reserved 1048576K
Event: 2.193 GC heap after
Heap after GC invocations=5 (full 0):
 PSYoungGen      total 71680K, used 5112K [0x00000000d5e00000, 0x00000000da900000, 0x0000000100000000)
  eden space 66560K, 0% used [0x00000000d5e00000,0x00000000d5e00000,0x00000000d9f00000)
  from space 5120K, 99% used [0x00000000d9f00000,0x00000000da3fe030,0x00000000da400000)
  to   space 5120K, 0% used [0x00000000da400000,0x00000000da400000,0x00000000da900000)
 ParOldGen       total 87552K, used 12424K [0x0000000081a00000, 0x0000000086f80000, 0x00000000d5e00000)
  object space 87552K, 14% used [0x0000000081a00000,0x0000000082622300,0x0000000086f80000)
 Metaspace       used 16879K, capacity 17388K, committed 17536K, reserved 1064960K
  class space    used 1978K, capacity 2134K, committed 2176K, reserved 1048576K
}
Event: 2.881 GC heap before
{Heap before GC invocations=6 (full 0):
 PSYoungGen      total 71680K, used 31772K [0x00000000d5e00000, 0x00000000da900000, 0x0000000100000000)
  eden space 66560K, 40% used [0x00000000d5e00000,0x00000000d78092d8,0x00000000d9f00000)
  from space 5120K, 99% used [0x00000000d9f00000,0x00000000da3fe030,0x00000000da400000)
  to   space 5120K, 0% used [0x00000000da400000,0x00000000da400000,0x00000000da900000)
 ParOldGen       total 87552K, used 12424K [0x0000000081a00000, 0x0000000086f80000, 0x00000000d5e00000)
  object space 87552K, 14% used [0x0000000081a00000,0x0000000082622300,0x0000000086f80000)
 Metaspace       used 20643K, capacity 21124K, committed 21296K, reserved 1069056K
  class space    used 2444K, capacity 2590K, committed 2688K, reserved 1048576K
Event: 2.887 GC heap after
Heap after GC invocations=6 (full 0):
 PSYoungGen      total 71680K, used 5104K [0x00000000d5e00000, 0x00000000da900000, 0x0000000100000000)
  eden space 66560K, 0% used [0x00000000d5e00000,0x00000000d5e00000,0x00000000d9f00000)
  from space 5120K, 99% used [0x00000000da400000,0x00000000da8fc040,0x00000000da900000)
  to   space 5120K, 0% used [0x00000000d9f00000,0x00000000d9f00000,0x00000000da400000)
 ParOldGen       total 87552K, used 15997K [0x0000000081a00000, 0x0000000086f80000, 0x00000000d5e00000)
  object space 87552K, 18% used [0x0000000081a00000,0x000000008299f7d0,0x0000000086f80000)
 Metaspace       used 20643K, capacity 21124K, committed 21296K, reserved 1069056K
  class space    used 2444K, capacity 2590K, committed 2688K, reserved 1048576K
}
Event: 2.887 GC heap before
{Heap before GC invocations=7 (full 1):
 PSYoungGen      total 71680K, used 5104K [0x00000000d5e00000, 0x00000000da900000, 0x0000000100000000)
  eden space 66560K, 0% used [0x00000000d5e00000,0x00000000d5e00000,0x00000000d9f00000)
  from space 5120K, 99% used [0x00000000da400000,0x00000000da8fc040,0x00000000da900000)
  to   space 5120K, 0% used [0x00000000d9f00000,0x00000000d9f00000,0x00000000da400000)
 ParOldGen       total 87552K, used 15997K [0x0000000081a00000, 0x0000000086f80000, 0x00000000d5e00000)
  object space 87552K, 18% used [0x0000000081a00000,0x000000008299f7d0,0x0000000086f80000)
 Metaspace       used 20643K, capacity 21124K, committed 21296K, reserved 1069056K
  class space    used 2444K, capacity 2590K, committed 2688K, reserved 1048576K
Event: 2.924 GC heap after
Heap after GC invocations=7 (full 1):
 PSYoungGen      total 71680K, used 0K [0x00000000d5e00000, 0x00000000da900000, 0x0000000100000000)
  eden space 66560K, 0% used [0x00000000d5e00000,0x00000000d5e00000,0x00000000d9f00000)
  from space 5120K, 0% used [0x00000000da400000,0x00000000da400000,0x00000000da900000)
  to   space 5120K, 0% used [0x00000000d9f00000,0x00000000d9f00000,0x00000000da400000)
 ParOldGen       total 70656K, used 14498K [0x0000000081a00000, 0x0000000085f00000, 0x00000000d5e00000)
  object space 70656K, 20% used [0x0000000081a00000,0x0000000082828968,0x0000000085f00000)
 Metaspace       used 20643K, capacity 21124K, committed 21296K, reserved 1069056K
  class space    used 2444K, capacity 2590K, committed 2688K, reserved 1048576K
}

Deoptimization events (10 events):
Event: 3.082 Thread 0x000000001c273000 Uncommon trap: reason=unstable_if action=reinterpret pc=0x00000000037e9888 method=java.lang.AbstractStringBuilder.append(Ljava/lang/String;)Ljava/lang/AbstractStringBuilder; @ 1
Event: 3.082 Thread 0x000000001c273000 Uncommon trap: reason=unstable_if action=reinterpret pc=0x00000000037cda34 method=java.lang.AbstractStringBuilder.append(Ljava/lang/String;)Ljava/lang/AbstractStringBuilder; @ 1
Event: 3.089 Thread 0x000000001c273000 Uncommon trap: reason=unstable_if action=reinterpret pc=0x00000000042f62c4 method=com.sun.org.apache.xerces.internal.impl.XMLEntityScanner.scanChar(Lcom/sun/org/apache/xerces/internal/impl/XMLScanner$NameType;)I @ 59
Event: 3.123 Thread 0x000000001c273000 Uncommon trap: reason=class_check action=maybe_recompile pc=0x000000000430aa08 method=java.util.Hashtable.addEntry(ILjava/lang/Object;Ljava/lang/Object;I)V @ 38
Event: 3.126 Thread 0x000000001c273000 Uncommon trap: reason=unstable_if action=reinterpret pc=0x00000000042ee92c method=com.sun.org.apache.xerces.internal.util.SymbolTable.addSymbol([CII)Ljava/lang/String; @ 38
Event: 3.131 Thread 0x000000001c273000 Uncommon trap: reason=unstable_if action=reinterpret pc=0x000000000428cf38 method=com.sun.org.apache.xerces.internal.impl.XMLEntityScanner.peekChar()I @ 14
Event: 3.138 Thread 0x000000001c273000 Uncommon trap: reason=speculate_class_check action=maybe_recompile pc=0x0000000003e77c34 method=java.nio.charset.CharsetDecoder.reset()Ljava/nio/charset/CharsetDecoder; @ 1
Event: 3.153 Thread 0x000000001c273000 Uncommon trap: reason=speculate_class_check action=maybe_recompile pc=0x0000000003e77c34 method=java.nio.charset.CharsetDecoder.reset()Ljava/nio/charset/CharsetDecoder; @ 1
Event: 3.166 Thread 0x000000001c273000 Uncommon trap: reason=speculate_class_check action=maybe_recompile pc=0x0000000003e77c34 method=java.nio.charset.CharsetDecoder.reset()Ljava/nio/charset/CharsetDecoder; @ 1
Event: 3.176 Thread 0x000000001c273000 Uncommon trap: reason=unstable_if action=reinterpret pc=0x0000000004090560 method=java.util.concurrent.ConcurrentHashMap.replaceNode(Ljava/lang/Object;Ljava/lang/Object;Ljava/lang/Object;)Ljava/lang/Object; @ 47

Classes redefined (0 events):
No events

Internal exceptions (10 events):
Event: 1.199 Thread 0x00000000034bd800 Implicit null exception at 0x0000000003988fd5 to 0x00000000039891d1
Event: 1.205 Thread 0x00000000034bd800 Implicit null exception at 0x0000000003bed677 to 0x0000000003bed8c1
Event: 1.215 Thread 0x00000000034bd800 Implicit null exception at 0x0000000003b98441 to 0x0000000003b98c6d
Event: 1.216 Thread 0x00000000034bd800 Implicit null exception at 0x0000000003a55efb to 0x0000000003a564b9
Event: 1.669 Thread 0x00000000034bd800 Implicit null exception at 0x0000000003e242e8 to 0x0000000003e253cd
Event: 1.922 Thread 0x00000000034bd800 Implicit null exception at 0x0000000003eb71a0 to 0x0000000003eb83e2
Event: 2.324 Thread 0x00000000034bd800 Exception <a 'java/io/FileNotFoundException'> (0x00000000d6a8f748) thrown at [C:\re\workspace\8-2-build-windows-amd64-cygwin\jdk8u161\10277\hotspot\src\share\vm\prims\jni.cpp, line 709]
Event: 3.082 Thread 0x000000001c273000 Implicit null exception at 0x00000000037e94d6 to 0x00000000037e9871
Event: 3.082 Thread 0x000000001c273000 Implicit null exception at 0x00000000037cd659 to 0x00000000037cda1d
Event: 3.176 Thread 0x000000001c273000 Implicit null exception at 0x000000000408fffc to 0x000000000409052d

Events (10 events):
Event: 3.224 loading class org/apache/tomcat/util/bcel/classfile/InnerClass
Event: 3.224 loading class org/apache/tomcat/util/bcel/classfile/InnerClass done
Event: 3.224 loading class org/apache/tomcat/util/bcel/classfile/InnerClass
Event: 3.224 loading class org/apache/tomcat/util/bcel/classfile/InnerClass done
Event: 3.231 loading class org/apache/catalina/util/Introspection
Event: 3.231 loading class org/apache/catalina/util/Introspection done
Event: 3.231 loading class org/apache/catalina/util/Introspection
Event: 3.231 loading class org/apache/catalina/util/Introspection done
Event: 3.231 loading class org/springframework/web/context/AbstractContextLoaderInitializer
Event: 3.231 loading class org/springframework/web/context/AbstractContextLoaderInitializer done


Dynamic libraries:
0x00007ff7917f0000 - 0x00007ff791827000 	D:\java\jdk1.8.0_161\bin\javaw.exe
0x00007ffb0da00000 - 0x00007ffb0dbf0000 	C:\WINDOWS\SYSTEM32\ntdll.dll
0x00007ffb0c520000 - 0x00007ffb0c5d2000 	C:\WINDOWS\System32\KERNEL32.DLL
0x00007ffb0b810000 - 0x00007ffb0bab3000 	C:\WINDOWS\System32\KERNELBASE.dll
0x00007ffb0bcc0000 - 0x00007ffb0bd63000 	C:\WINDOWS\System32\ADVAPI32.dll
0x00007ffb0bac0000 - 0x00007ffb0bb5e000 	C:\WINDOWS\System32\msvcrt.dll
0x00007ffb0d920000 - 0x00007ffb0d9b7000 	C:\WINDOWS\System32\sechost.dll
0x00007ffb0c660000 - 0x00007ffb0c780000 	C:\WINDOWS\System32\RPCRT4.dll
0x00007ffb0cb70000 - 0x00007ffb0cd03000 	C:\WINDOWS\System32\USER32.dll
0x00007ffb0ab40000 - 0x00007ffb0ab61000 	C:\WINDOWS\System32\win32u.dll
0x00007ffb0ca70000 - 0x00007ffb0ca96000 	C:\WINDOWS\System32\GDI32.dll
0x00007ffb0b670000 - 0x00007ffb0b804000 	C:\WINDOWS\System32\gdi32full.dll
0x00007ffb0aa70000 - 0x00007ffb0ab0e000 	C:\WINDOWS\System32\msvcp_win.dll
0x00007ffb0b570000 - 0x00007ffb0b66a000 	C:\WINDOWS\System32\ucrtbase.dll
0x00007ffaf8880000 - 0x00007ffaf8b05000 	C:\WINDOWS\WinSxS\amd64_microsoft.windows.common-controls_6595b64144ccf1df_6.0.18362.239_none_e6c7aebd130c7608\COMCTL32.dll
0x00007ffb0c070000 - 0x00007ffb0c3a6000 	C:\WINDOWS\System32\combase.dll
0x00007ffb0ac20000 - 0x00007ffb0aca0000 	C:\WINDOWS\System32\bcryptPrimitives.dll
0x00007ffb0cd10000 - 0x00007ffb0cd3e000 	C:\WINDOWS\System32\IMM32.DLL
0x000000005c570000 - 0x000000005c642000 	D:\java\jdk1.8.0_161\jre\bin\msvcr100.dll
0x000000005ac50000 - 0x000000005b4ef000 	D:\java\jdk1.8.0_161\jre\bin\server\jvm.dll
0x00007ffb0c650000 - 0x00007ffb0c658000 	C:\WINDOWS\System32\PSAPI.DLL
0x00007ffb08ae0000 - 0x00007ffb08ae9000 	C:\WINDOWS\SYSTEM32\WSOCK32.dll
0x00007ffb0d420000 - 0x00007ffb0d48f000 	C:\WINDOWS\System32\WS2_32.dll
0x00007ffb08950000 - 0x00007ffb08974000 	C:\WINDOWS\SYSTEM32\WINMM.dll
0x00007ffb03a70000 - 0x00007ffb03a7a000 	C:\WINDOWS\SYSTEM32\VERSION.dll
0x00007ffb084d0000 - 0x00007ffb084fd000 	C:\WINDOWS\SYSTEM32\winmmbase.dll
0x00007ffb0a9a0000 - 0x00007ffb0a9ea000 	C:\WINDOWS\System32\cfgmgr32.dll
0x000000005c560000 - 0x000000005c56f000 	D:\java\jdk1.8.0_161\jre\bin\verify.dll
0x000000005c530000 - 0x000000005c559000 	D:\java\jdk1.8.0_161\jre\bin\java.dll
0x000000005c510000 - 0x000000005c526000 	D:\java\jdk1.8.0_161\jre\bin\zip.dll
0x00007ffb0cd40000 - 0x00007ffb0d420000 	C:\WINDOWS\System32\SHELL32.dll
0x00007ffb0c470000 - 0x00007ffb0c519000 	C:\WINDOWS\System32\shcore.dll
0x00007ffb0adf0000 - 0x00007ffb0b56b000 	C:\WINDOWS\System32\windows.storage.dll
0x00007ffb0a980000 - 0x00007ffb0a99f000 	C:\WINDOWS\System32\profapi.dll
0x00007ffb0a910000 - 0x00007ffb0a95a000 	C:\WINDOWS\System32\powrprof.dll
0x00007ffb0a8e0000 - 0x00007ffb0a8f0000 	C:\WINDOWS\System32\KERNELBASE.dll
0x00007ffb0bec0000 - 0x00007ffb0bf12000 	C:\WINDOWS\System32\RPCRT4.dll
0x00007ffb0a960000 - 0x00007ffb0a971000 	C:\WINDOWS\System32\gdi32full.dll
0x00007ffb0aa50000 - 0x00007ffb0aa67000 	C:\WINDOWS\System32\ucrtbase.dll
0x000000005c4f0000 - 0x000000005c50a000 	C:\WINDOWS\System32\bcryptPrimitives.dll
0x00007ffb0a120000 - 0x00007ffb0a187000 	D:\java\jdk1.8.0_161\jre\bin\msvcr100.dll
0x000000005c4d0000 - 0x000000005c4e1000 	C:\WINDOWS\System32\PSAPI.DLL
0x00007ffb09c80000 - 0x00007ffb09cb3000 	C:\WINDOWS\System32\WS2_32.dll
0x00007ffb0ab10000 - 0x00007ffb0ab36000 	C:\WINDOWS\SYSTEM32\VERSION.dll
0x00007ffb0a7d0000 - 0x00007ffb0a7f5000 	C:\WINDOWS\System32\cfgmgr32.dll
0x00007ffb0a2f0000 - 0x00007ffb0a2fc000 	D:\java\jdk1.8.0_161\jre\bin\verify.dll
0x00007ffb09e20000 - 0x00007ffb09e5a000 	D:\java\jdk1.8.0_161\jre\bin\zip.dll
0x00007ffb0c460000 - 0x00007ffb0c468000 	C:\WINDOWS\System32\NSI.dll
0x00007ffb02a30000 - 0x00007ffb02a46000 	C:\WINDOWS\System32\RPCRT4.dll
0x00007ffb029f0000 - 0x00007ffb02a0c000 	C:\WINDOWS\System32\msvcp_win.dll
0x00007ffb09e60000 - 0x00007ffb09f2a000 	C:\WINDOWS\System32\combase.dll
0x000000005c4c0000 - 0x000000005c4cd000 	D:\java\jdk1.8.0_161\jre\bin\msvcr100.dll

VM Arguments:
jvm_args: -Dmaven.home=EMBEDDED -Dclassworlds.conf=D:\Software\eclipse-workpace\.metadata\.plugins\org.eclipse.m2e.launching\launches\m2conf505605501151204869.tmp -Dmaven.multiModuleProjectDirectory=D:\Software\eclipse-workpace\pinyougou-parent\pinyougou-shop-web -Dfile.encoding=GBK 
java_command: org.codehaus.plexus.classworlds.launcher.Launcher -B -gs D:\maven\apache-maven-3.6.1\conf\settings.xml tomcat7:run
java_class_path (initial): D:\Software\eclipse\plugins\org.eclipse.m2e.maven.runtime_1.8.3.20180227-2135\jars\plexus-classworlds-2.5.2.jar
Launcher Type: SUN_STANDARD

Environment Variables:
JAVA_HOME=D:\java\jdk1.8.0
PATH=D:/java/jdk1.8.0/bin/server;D:/java/jdk1.8.0/bin;D:/java/jdk1.8.0/lib/amd64;D:\Software\Xftp\;D:\Software\Xshell 6\;D:\java\jdk1.8.0\bin;D:\java\jdk1.8.0\jre\bin;D:\maven\apache-maven-3.6.1\bin;D:\Program Files\MySQL\MySQL Server 5.7\bin;%CATALINA_HOME%\lib;%CATALINA_HOME%\bin;C:\WINDOWS\system32;C:\WINDOWS;C:\WINDOWS\System32\Wbem;C:\WINDOWS\System32\WindowsPowerShell\v1.0\;C:\WINDOWS\System32\OpenSSH\;C:\Users\…ÚºŒ«Ï\AppData\Local\Microsoft\WindowsApps;;D:\Software\eclipse;
USERNAME=…ÚºŒ«Ï
OS=Windows_NT
PROCESSOR_IDENTIFIER=Intel64 Family 6 Model 158 Stepping 10, GenuineIntel



---------------  S Y S T E M  ---------------

OS: Windows 10.0 , 64 bit Build 18362 (10.0.18362.86)

CPU:total 12 (initial active 12) (6 cores per cpu, 2 threads per core) family 6 model 158 stepping 10, cmov, cx8, fxsr, mmx, sse, sse2, sse3, ssse3, sse4.1, sse4.2, popcnt, avx, avx2, aes, clmul, erms, 3dnowpref, lzcnt, ht, tsc, tscinvbit, bmi1, bmi2, adx

Memory: 4k page, physical 8276260k(989288k free), swap 21310376k(5376k free)

vm_info: Java HotSpot(TM) 64-Bit Server VM (25.161-b12) for windows-amd64 JRE (1.8.0_161-b12), built on Dec 19 2017 17:52:25 by "java_re" with MS VC++ 10.0 (VS2010)

time: Fri Aug 16 20:45:16 2019
elapsed time: 3 seconds (0d 0h 0m 3s)

