#
# There is insufficient memory for the Java Runtime Environment to continue.
# Native memory allocation (malloc) failed to allocate 1048576 bytes for AllocateHeap
# Possible reasons:
#   The system is out of physical RAM or swap space
#   In 32 bit mode, the process size limit was hit
# Possible solutions:
#   Reduce memory load on the system
#   Increase physical memory or swap space
#   Check if swap backing store is full
#   Use 64 bit Java on a 64 bit OS
#   Decrease Java heap size (-Xmx/-Xms)
#   Decrease number of Java threads
#   Decrease Java thread stack sizes (-Xss)
#   Set larger code cache with -XX:ReservedCodeCacheSize=
# This output file may be truncated or incomplete.
#
#  Out of Memory Error (memory/allocation.inline.hpp:61), pid=19372, tid=0x0000000000004da0
#
# JRE version:  (8.0_161-b12) (build )
# Java VM: Java HotSpot(TM) 64-Bit Server VM (25.161-b12 mixed mode windows-amd64 compressed oops)
# Failed to write core dump. Minidumps are not enabled by default on client versions of Windows
#

---------------  T H R E A D  ---------------

Current thread (0x0000000002e6d800):  JavaThread "Unknown thread" [_thread_in_vm, id=19872, stack(0x00000000027d0000,0x00000000028d0000)]

Stack: [0x00000000027d0000,0x00000000028d0000]
[error occurred during error reporting (printing stack bounds), id 0xc0000005]

Native frames: (J=compiled Java code, j=interpreted, Vv=VM code, C=native code)


---------------  P R O C E S S  ---------------

Java Threads: ( => current thread )

Other Threads:

=>0x0000000002e6d800 (exited) JavaThread "Unknown thread" [_thread_in_vm, id=19872, stack(0x00000000027d0000,0x00000000028d0000)]

VM state:not at safepoint (normal execution)

VM Mutex/Monitor currently owned by a thread: None

Heap:
 PSYoungGen      total 38400K, used 665K [0x00000000d5e00000, 0x00000000d8880000, 0x0000000100000000)
  eden space 33280K, 2% used [0x00000000d5e00000,0x00000000d5ea6670,0x00000000d7e80000)
  from space 5120K, 0% used [0x00000000d8380000,0x00000000d8380000,0x00000000d8880000)
  to   space 5120K, 0% used [0x00000000d7e80000,0x00000000d7e80000,0x00000000d8380000)
 ParOldGen       total 87552K, used 0K [0x0000000081a00000, 0x0000000086f80000, 0x00000000d5e00000)
  object space 87552K, 0% used [0x0000000081a00000,0x0000000081a00000,0x0000000086f80000)
 Metaspace       used 770K, capacity 4480K, committed 4480K, reserved 1056768K
  class space    used 75K, capacity 384K, committed 384K, reserved 1048576K

Card table byte_map: [0x0000000012230000,0x0000000012630000] byte_map_base: 0x0000000011e23000

Marking Bits: (ParMarkBitMap*) 0x000000005b46f860
 Begin Bits: [0x00000000132e0000, 0x0000000015278000)
 End Bits:   [0x0000000015278000, 0x0000000017210000)

Polling page: 0x0000000000f50000

CodeCache: size=245760Kb used=328Kb max_used=328Kb free=245431Kb
 bounds [0x0000000002e70000, 0x00000000030e0000, 0x0000000011e70000]
 total_blobs=58 nmethods=0 adapters=38
 compilation: enabled

Compilation events (0 events):
No events

GC Heap History (0 events):
No events

Deoptimization events (0 events):
No events

Classes redefined (0 events):
No events

Internal exceptions (0 events):
No events

Events (10 events):
Event: 0.024 loading class java/lang/Short
Event: 0.024 loading class java/lang/Short done
Event: 0.024 loading class java/lang/Integer
Event: 0.024 loading class java/lang/Integer done
Event: 0.024 loading class java/lang/Long
Event: 0.024 loading class java/lang/Long done
Event: 0.024 loading class java/lang/NullPointerException
Event: 0.024 loading class java/lang/NullPointerException done
Event: 0.024 loading class java/lang/ArithmeticException
Event: 0.024 loading class java/lang/ArithmeticException done


Dynamic libraries:
0x00007ff7917f0000 - 0x00007ff791827000 	D:\java\jdk1.8.0_161\bin\javaw.exe
0x00007ffb0da00000 - 0x00007ffb0dbf0000 	C:\WINDOWS\SYSTEM32\ntdll.dll
0x00007ffb0c520000 - 0x00007ffb0c5d2000 	C:\WINDOWS\System32\KERNEL32.DLL
0x00007ffb0b810000 - 0x00007ffb0bab3000 	C:\WINDOWS\System32\KERNELBASE.dll
0x00007ffb0bcc0000 - 0x00007ffb0bd63000 	C:\WINDOWS\System32\ADVAPI32.dll
0x00007ffb0bac0000 - 0x00007ffb0bb5e000 	C:\WINDOWS\System32\msvcrt.dll
0x00007ffb0d920000 - 0x00007ffb0d9b7000 	C:\WINDOWS\System32\sechost.dll
0x00007ffb0c660000 - 0x00007ffb0c780000 	C:\WINDOWS\System32\RPCRT4.dll
0x00007ffb0cb70000 - 0x00007ffb0cd03000 	C:\WINDOWS\System32\USER32.dll
0x00007ffb0ab40000 - 0x00007ffb0ab61000 	C:\WINDOWS\System32\win32u.dll
0x00007ffb0ca70000 - 0x00007ffb0ca96000 	C:\WINDOWS\System32\GDI32.dll
0x00007ffb0b670000 - 0x00007ffb0b804000 	C:\WINDOWS\System32\gdi32full.dll
0x00007ffb0aa70000 - 0x00007ffb0ab0e000 	C:\WINDOWS\System32\msvcp_win.dll
0x00007ffb0b570000 - 0x00007ffb0b66a000 	C:\WINDOWS\System32\ucrtbase.dll
0x00007ffaf8880000 - 0x00007ffaf8b05000 	C:\WINDOWS\WinSxS\amd64_microsoft.windows.common-controls_6595b64144ccf1df_6.0.18362.239_none_e6c7aebd130c7608\COMCTL32.dll
0x00007ffb0c070000 - 0x00007ffb0c3a6000 	C:\WINDOWS\System32\combase.dll
0x00007ffb0ac20000 - 0x00007ffb0aca0000 	C:\WINDOWS\System32\bcryptPrimitives.dll
0x00007ffb0cd10000 - 0x00007ffb0cd3e000 	C:\WINDOWS\System32\IMM32.DLL
0x000000005c570000 - 0x000000005c642000 	D:\java\jdk1.8.0_161\jre\bin\msvcr100.dll
0x000000005ac50000 - 0x000000005b4ef000 	D:\java\jdk1.8.0_161\jre\bin\server\jvm.dll
0x00007ffb0c650000 - 0x00007ffb0c658000 	C:\WINDOWS\System32\PSAPI.DLL
0x00007ffb08ae0000 - 0x00007ffb08ae9000 	C:\WINDOWS\SYSTEM32\WSOCK32.dll
0x00007ffb0d420000 - 0x00007ffb0d48f000 	C:\WINDOWS\System32\WS2_32.dll
0x00007ffb08950000 - 0x00007ffb08974000 	C:\WINDOWS\SYSTEM32\WINMM.dll
0x00007ffb03a70000 - 0x00007ffb03a7a000 	C:\WINDOWS\SYSTEM32\VERSION.dll
0x00007ffb084d0000 - 0x00007ffb084fd000 	C:\WINDOWS\SYSTEM32\winmmbase.dll
0x00007ffb0a9a0000 - 0x00007ffb0a9ea000 	C:\WINDOWS\System32\cfgmgr32.dll
0x000000005c560000 - 0x000000005c56f000 	D:\java\jdk1.8.0_161\jre\bin\verify.dll
0x000000005c530000 - 0x000000005c559000 	D:\java\jdk1.8.0_161\jre\bin\java.dll
0x000000005c510000 - 0x000000005c526000 	D:\java\jdk1.8.0_161\jre\bin\zip.dll

VM Arguments:
jvm_args: -Dmaven.home=EMBEDDED -Dclassworlds.conf=D:\Software\eclipse-workpace\.metadata\.plugins\org.eclipse.m2e.launching\launches\m2conf8056216997194599642.tmp -Dmaven.multiModuleProjectDirectory=D:\Software\eclipse-workpace\pinyougou-parent\pinyougou-user-service -Dfile.encoding=GBK 
java_command: org.codehaus.plexus.classworlds.launcher.Launcher -B -gs D:\maven\apache-maven-3.6.1\conf\settings.xml tomcat7:run
java_class_path (initial): D:\Software\eclipse\plugins\org.eclipse.m2e.maven.runtime_1.8.3.20180227-2135\jars\plexus-classworlds-2.5.2.jar
Launcher Type: SUN_STANDARD

Environment Variables:
JAVA_HOME=D:\java\jdk1.8.0
PATH=D:/java/jdk1.8.0/bin/server;D:/java/jdk1.8.0/bin;D:/java/jdk1.8.0/lib/amd64;D:\Software\Xftp\;D:\Software\Xshell 6\;D:\java\jdk1.8.0\bin;D:\java\jdk1.8.0\jre\bin;D:\maven\apache-maven-3.6.1\bin;D:\Program Files\MySQL\MySQL Server 5.7\bin;%CATALINA_HOME%\lib;%CATALINA_HOME%\bin;C:\WINDOWS\system32;C:\WINDOWS;C:\WINDOWS\System32\Wbem;C:\WINDOWS\System32\WindowsPowerShell\v1.0\;C:\WINDOWS\System32\OpenSSH\;C:\Users\…ÚºŒ«Ï\AppData\Local\Microsoft\WindowsApps;;D:\Software\eclipse;
USERNAME=…ÚºŒ«Ï
OS=Windows_NT
PROCESSOR_IDENTIFIER=Intel64 Family 6 Model 158 Stepping 10, GenuineIntel



---------------  S Y S T E M  ---------------

OS: Windows 10.0 , 64 bit Build 18362 (10.0.18362.86)

CPU:total 12 (initial active 12) (6 cores per cpu, 2 threads per core) family 6 model 158 stepping 10, cmov, cx8, fxsr, mmx, sse, sse2, sse3, ssse3, sse4.1, sse4.2, popcnt, avx, avx2, aes, clmul, erms, 3dnowpref, lzcnt, ht, tsc, tscinvbit, bmi1, bmi2, adx

Memory: 4k page, physical 8276260k(585544k free), swap 21310376k(5576k free)

vm_info: Java HotSpot(TM) 64-Bit Server VM (25.161-b12) for windows-amd64 JRE (1.8.0_161-b12), built on Dec 19 2017 17:52:25 by "java_re" with MS VC++ 10.0 (VS2010)

time: Sat Aug 17 00:53:54 2019
elapsed time: 0 seconds (0d 0h 0m 0s)

