#
# There is insufficient memory for the Java Runtime Environment to continue.
# Native memory allocation (malloc) failed to allocate 65552 bytes for Chunk::new
# Possible reasons:
#   The system is out of physical RAM or swap space
#   In 32 bit mode, the process size limit was hit
# Possible solutions:
#   Reduce memory load on the system
#   Increase physical memory or swap space
#   Check if swap backing store is full
#   Use 64 bit Java on a 64 bit OS
#   Decrease Java heap size (-Xmx/-Xms)
#   Decrease number of Java threads
#   Decrease Java thread stack sizes (-Xss)
#   Set larger code cache with -XX:ReservedCodeCacheSize=
# This output file may be truncated or incomplete.
#
#  Out of Memory Error (allocation.cpp:390), pid=13888, tid=0x0000000000001bd8
#
# JRE version: Java(TM) SE Runtime Environment (8.0_161-b12) (build 1.8.0_161-b12)
# Java VM: Java HotSpot(TM) 64-Bit Server VM (25.161-b12 mixed mode windows-amd64 compressed oops)
# Failed to write core dump. Minidumps are not enabled by default on client versions of Windows
#

---------------  T H R E A D  ---------------

Current thread (0x0000000019b3d800):  JavaThread "C2 CompilerThread2" daemon [_thread_in_native, id=7128, stack(0x000000001b220000,0x000000001b320000)]

Stack: [0x000000001b220000,0x000000001b320000]
[error occurred during error reporting (printing stack bounds), id 0xc0000005]

Native frames: (J=compiled Java code, j=interpreted, Vv=VM code, C=native code)


Current CompileTask:
C2:   3823 4135   !   4       org.apache.catalina.startup.ContextConfig::checkHandlesTypes (453 bytes)


---------------  P R O C E S S  ---------------

Java Threads: ( => current thread )
  0x000000001f097800 JavaThread "localhost-startStop-1" daemon [_thread_in_Java, id=4244, stack(0x000000001f9d0000,0x000000001fad0000)]
  0x000000001f097000 JavaThread "Tomcat-startStop-1" daemon [_thread_blocked, id=2432, stack(0x000000001f690000,0x000000001f790000)]
  0x0000000019bc2800 JavaThread "Service Thread" daemon [_thread_blocked, id=2992, stack(0x000000001b420000,0x000000001b520000)]
  0x0000000019b42000 JavaThread "C1 CompilerThread3" daemon [_thread_blocked, id=17344, stack(0x000000001b320000,0x000000001b420000)]
=>0x0000000019b3d800 JavaThread "C2 CompilerThread2" daemon [_thread_in_native, id=7128, stack(0x000000001b220000,0x000000001b320000)]
  0x0000000019b38000 JavaThread "C2 CompilerThread1" daemon [_thread_in_native, id=7084, stack(0x000000001b120000,0x000000001b220000)]
  0x0000000019ada800 JavaThread "C2 CompilerThread0" daemon [_thread_in_native, id=6276, stack(0x000000001b020000,0x000000001b120000)]
  0x0000000019b32800 JavaThread "Attach Listener" daemon [_thread_blocked, id=780, stack(0x000000001af20000,0x000000001b020000)]
  0x0000000019b31000 JavaThread "Signal Dispatcher" daemon [_thread_blocked, id=10056, stack(0x000000001ae20000,0x000000001af20000)]
  0x0000000019ac3000 JavaThread "Finalizer" daemon [_thread_blocked, id=20156, stack(0x000000001ad20000,0x000000001ae20000)]
  0x0000000003158800 JavaThread "Reference Handler" daemon [_thread_blocked, id=9072, stack(0x000000001ac20000,0x000000001ad20000)]
  0x000000000322d800 JavaThread "main" [_thread_blocked, id=16256, stack(0x0000000002c00000,0x0000000002d00000)]

Other Threads:
  0x0000000019aa2800 VMThread [stack: 0x000000001ab20000,0x000000001ac20000] [id=13848]
  0x0000000019bdd800 WatcherThread [stack: 0x000000001b520000,0x000000001b620000] [id=20432]

VM state:not at safepoint (normal execution)

VM Mutex/Monitor currently owned by a thread: None

Heap:
 PSYoungGen      total 143872K, used 136349K [0x00000000d5e00000, 0x00000000df600000, 0x0000000100000000)
  eden space 132608K, 94% used [0x00000000d5e00000,0x00000000dd82b3f0,0x00000000ddf80000)
  from space 11264K, 99% used [0x00000000ddf80000,0x00000000dea7c278,0x00000000dea80000)
  to   space 10752K, 0% used [0x00000000dea80000,0x00000000dea80000,0x00000000df500000)
 ParOldGen       total 70656K, used 24479K [0x0000000081a00000, 0x0000000085f00000, 0x00000000d5e00000)
  object space 70656K, 34% used [0x0000000081a00000,0x00000000831e7d20,0x0000000085f00000)
 Metaspace       used 23458K, capacity 24052K, committed 24192K, reserved 1071104K
  class space    used 2737K, capacity 2903K, committed 2944K, reserved 1048576K

Card table byte_map: [0x00000000125f0000,0x00000000129f0000] byte_map_base: 0x00000000121e3000

Marking Bits: (ParMarkBitMap*) 0x000000005b57f860
 Begin Bits: [0x00000000136a0000, 0x0000000015638000)
 End Bits:   [0x0000000015638000, 0x00000000175d0000)

Polling page: 0x0000000000db0000

CodeCache: size=245760Kb used=14231Kb max_used=15782Kb free=231528Kb
 bounds [0x0000000003230000, 0x00000000041c0000, 0x0000000012230000]
 total_blobs=4176 nmethods=3786 adapters=302
 compilation: enabled

Compilation events (10 events):
Event: 3.640 Thread 0x0000000019ada800 nmethod 4137 0x0000000003344d10 code [0x0000000003344ee0, 0x0000000003345ae0]
Event: 3.697 Thread 0x0000000019ada800 4141   !   4       java.util.zip.ZipFile$ZipFileInflaterInputStream::close (67 bytes)
Event: 3.701 Thread 0x0000000019ada800 nmethod 4141 0x00000000034da610 code [0x00000000034da7c0, 0x00000000034dae60]
Event: 3.708 Thread 0x0000000019ada800 4142       4       org.apache.tomcat.util.bcel.classfile.ClassParser::<init> (90 bytes)
Event: 3.717 Thread 0x0000000019ada800 nmethod 4142 0x00000000033e9710 code [0x00000000033e98a0, 0x00000000033ea048]
Event: 3.717 Thread 0x0000000019ada800 4144       4       org.apache.tomcat.util.bcel.classfile.ClassParser::readFields (51 bytes)
Event: 3.723 Thread 0x0000000019ada800 nmethod 4144 0x0000000003369850 code [0x0000000003369a00, 0x0000000003369fb0]
Event: 3.723 Thread 0x0000000019ada800 4143       4       org.apache.catalina.startup.ContextConfig::populateJavaClassCache (79 bytes)
Event: 3.748 Thread 0x0000000019b42000 4146       3       java.util.WeakHashMap::getEntry (72 bytes)
Event: 3.749 Thread 0x0000000019b42000 nmethod 4146 0x0000000003640710 code [0x00000000036408e0, 0x0000000003641168]

GC Heap History (10 events):
Event: 1.456 GC heap before
{Heap before GC invocations=4 (full 0):
 PSYoungGen      total 38400K, used 38376K [0x00000000d5e00000, 0x00000000da900000, 0x0000000100000000)
  eden space 33280K, 100% used [0x00000000d5e00000,0x00000000d7e80000,0x00000000d7e80000)
  from space 5120K, 99% used [0x00000000d7e80000,0x00000000d837a070,0x00000000d8380000)
  to   space 5120K, 0% used [0x00000000da400000,0x00000000da400000,0x00000000da900000)
 ParOldGen       total 87552K, used 5693K [0x0000000081a00000, 0x0000000086f80000, 0x00000000d5e00000)
  object space 87552K, 6% used [0x0000000081a00000,0x0000000081f8f748,0x0000000086f80000)
 Metaspace       used 15323K, capacity 15634K, committed 15872K, reserved 1062912K
  class space    used 1845K, capacity 1949K, committed 2048K, reserved 1048576K
Event: 1.462 GC heap after
Heap after GC invocations=4 (full 0):
 PSYoungGen      total 71680K, used 5096K [0x00000000d5e00000, 0x00000000da900000, 0x0000000100000000)
  eden space 66560K, 0% used [0x00000000d5e00000,0x00000000d5e00000,0x00000000d9f00000)
  from space 5120K, 99% used [0x00000000da400000,0x00000000da8fa020,0x00000000da900000)
  to   space 5120K, 0% used [0x00000000d9f00000,0x00000000d9f00000,0x00000000da400000)
 ParOldGen       total 87552K, used 8153K [0x0000000081a00000, 0x0000000086f80000, 0x00000000d5e00000)
  object space 87552K, 9% used [0x0000000081a00000,0x00000000821f6690,0x0000000086f80000)
 Metaspace       used 15323K, capacity 15634K, committed 15872K, reserved 1062912K
  class space    used 1845K, capacity 1949K, committed 2048K, reserved 1048576K
}
Event: 2.058 GC heap before
{Heap before GC invocations=5 (full 0):
 PSYoungGen      total 71680K, used 71656K [0x00000000d5e00000, 0x00000000da900000, 0x0000000100000000)
  eden space 66560K, 100% used [0x00000000d5e00000,0x00000000d9f00000,0x00000000d9f00000)
  from space 5120K, 99% used [0x00000000da400000,0x00000000da8fa020,0x00000000da900000)
  to   space 5120K, 0% used [0x00000000d9f00000,0x00000000d9f00000,0x00000000da400000)
 ParOldGen       total 87552K, used 8153K [0x0000000081a00000, 0x0000000086f80000, 0x00000000d5e00000)
  object space 87552K, 9% used [0x0000000081a00000,0x00000000821f6690,0x0000000086f80000)
 Metaspace       used 16781K, capacity 17292K, committed 17536K, reserved 1064960K
  class space    used 1960K, capacity 2096K, committed 2176K, reserved 1048576K
Event: 2.067 GC heap after
Heap after GC invocations=5 (full 0):
 PSYoungGen      total 71680K, used 5112K [0x00000000d5e00000, 0x00000000df500000, 0x0000000100000000)
  eden space 66560K, 0% used [0x00000000d5e00000,0x00000000d5e00000,0x00000000d9f00000)
  from space 5120K, 99% used [0x00000000d9f00000,0x00000000da3fe030,0x00000000da400000)
  to   space 10752K, 0% used [0x00000000dea80000,0x00000000dea80000,0x00000000df500000)
 ParOldGen       total 87552K, used 12526K [0x0000000081a00000, 0x0000000086f80000, 0x00000000d5e00000)
  object space 87552K, 14% used [0x0000000081a00000,0x000000008263b9a8,0x0000000086f80000)
 Metaspace       used 16781K, capacity 17292K, committed 17536K, reserved 1064960K
  class space    used 1960K, capacity 2096K, committed 2176K, reserved 1048576K
}
Event: 2.777 GC heap before
{Heap before GC invocations=6 (full 0):
 PSYoungGen      total 71680K, used 36949K [0x00000000d5e00000, 0x00000000df500000, 0x0000000100000000)
  eden space 66560K, 47% used [0x00000000d5e00000,0x00000000d7d176b0,0x00000000d9f00000)
  from space 5120K, 99% used [0x00000000d9f00000,0x00000000da3fe030,0x00000000da400000)
  to   space 10752K, 0% used [0x00000000dea80000,0x00000000dea80000,0x00000000df500000)
 ParOldGen       total 87552K, used 12526K [0x0000000081a00000, 0x0000000086f80000, 0x00000000d5e00000)
  object space 87552K, 14% used [0x0000000081a00000,0x000000008263b9a8,0x0000000086f80000)
 Metaspace       used 20571K, capacity 21136K, committed 21296K, reserved 1069056K
  class space    used 2429K, capacity 2592K, committed 2688K, reserved 1048576K
Event: 2.785 GC heap after
Heap after GC invocations=6 (full 0):
 PSYoungGen      total 143360K, used 9286K [0x00000000d5e00000, 0x00000000df600000, 0x0000000100000000)
  eden space 132608K, 0% used [0x00000000d5e00000,0x00000000d5e00000,0x00000000ddf80000)
  from space 10752K, 86% used [0x00000000dea80000,0x00000000df391a60,0x00000000df500000)
  to   space 11264K, 0% used [0x00000000ddf80000,0x00000000ddf80000,0x00000000dea80000)
 ParOldGen       total 87552K, used 12534K [0x0000000081a00000, 0x0000000086f80000, 0x00000000d5e00000)
  object space 87552K, 14% used [0x0000000081a00000,0x000000008263d9a8,0x0000000086f80000)
 Metaspace       used 20571K, capacity 21136K, committed 21296K, reserved 1069056K
  class space    used 2429K, capacity 2592K, committed 2688K, reserved 1048576K
}
Event: 2.785 GC heap before
{Heap before GC invocations=7 (full 1):
 PSYoungGen      total 143360K, used 9286K [0x00000000d5e00000, 0x00000000df600000, 0x0000000100000000)
  eden space 132608K, 0% used [0x00000000d5e00000,0x00000000d5e00000,0x00000000ddf80000)
  from space 10752K, 86% used [0x00000000dea80000,0x00000000df391a60,0x00000000df500000)
  to   space 11264K, 0% used [0x00000000ddf80000,0x00000000ddf80000,0x00000000dea80000)
 ParOldGen       total 87552K, used 12534K [0x0000000081a00000, 0x0000000086f80000, 0x00000000d5e00000)
  object space 87552K, 14% used [0x0000000081a00000,0x000000008263d9a8,0x0000000086f80000)
 Metaspace       used 20571K, capacity 21136K, committed 21296K, reserved 1069056K
  class space    used 2429K, capacity 2592K, committed 2688K, reserved 1048576K
Event: 2.822 GC heap after
Heap after GC invocations=7 (full 1):
 PSYoungGen      total 143360K, used 0K [0x00000000d5e00000, 0x00000000df600000, 0x0000000100000000)
  eden space 132608K, 0% used [0x00000000d5e00000,0x00000000d5e00000,0x00000000ddf80000)
  from space 10752K, 0% used [0x00000000dea80000,0x00000000dea80000,0x00000000df500000)
  to   space 11264K, 0% used [0x00000000ddf80000,0x00000000ddf80000,0x00000000dea80000)
 ParOldGen       total 70656K, used 15428K [0x0000000081a00000, 0x0000000085f00000, 0x00000000d5e00000)
  object space 70656K, 21% used [0x0000000081a00000,0x00000000829112a8,0x0000000085f00000)
 Metaspace       used 20571K, capacity 21136K, committed 21296K, reserved 1069056K
  class space    used 2429K, capacity 2592K, committed 2688K, reserved 1048576K
}
Event: 3.474 GC heap before
{Heap before GC invocations=8 (full 1):
 PSYoungGen      total 143360K, used 132608K [0x00000000d5e00000, 0x00000000df600000, 0x0000000100000000)
  eden space 132608K, 100% used [0x00000000d5e00000,0x00000000ddf80000,0x00000000ddf80000)
  from space 10752K, 0% used [0x00000000dea80000,0x00000000dea80000,0x00000000df500000)
  to   space 11264K, 0% used [0x00000000ddf80000,0x00000000ddf80000,0x00000000dea80000)
 ParOldGen       total 70656K, used 15428K [0x0000000081a00000, 0x0000000085f00000, 0x00000000d5e00000)
  object space 70656K, 21% used [0x0000000081a00000,0x00000000829112a8,0x0000000085f00000)
 Metaspace       used 23456K, capacity 24052K, committed 24192K, reserved 1071104K
  class space    used 2737K, capacity 2903K, committed 2944K, reserved 1048576K
Event: 3.487 GC heap after
Heap after GC invocations=8 (full 1):
 PSYoungGen      total 143872K, used 11248K [0x00000000d5e00000, 0x00000000df600000, 0x0000000100000000)
  eden space 132608K, 0% used [0x00000000d5e00000,0x00000000d5e00000,0x00000000ddf80000)
  from space 11264K, 99% used [0x00000000ddf80000,0x00000000dea7c278,0x00000000dea80000)
  to   space 10752K, 0% used [0x00000000dea80000,0x00000000dea80000,0x00000000df500000)
 ParOldGen       total 70656K, used 24479K [0x0000000081a00000, 0x0000000085f00000, 0x00000000d5e00000)
  object space 70656K, 34% used [0x0000000081a00000,0x00000000831e7d20,0x0000000085f00000)
 Metaspace       used 23456K, capacity 24052K, committed 24192K, reserved 1071104K
  class space    used 2737K, capacity 2903K, committed 2944K, reserved 1048576K
}

Deoptimization events (10 events):
Event: 3.078 Thread 0x000000001f097800 Uncommon trap: reason=unstable_if action=reinterpret pc=0x0000000003d98d60 method=java.util.concurrent.ConcurrentHashMap.replaceNode(Ljava/lang/Object;Ljava/lang/Object;Ljava/lang/Object;)Ljava/lang/Object; @ 47
Event: 3.242 Thread 0x000000001f097800 Uncommon trap: reason=unstable_if action=reinterpret pc=0x0000000004106c80 method=org.apache.tomcat.util.bcel.classfile.Attribute.readAttribute(Ljava/io/DataInputStream;Lorg/apache/tomcat/util/bcel/classfile/ConstantPool;)Lorg/apache/tomcat/util/bcel/clas
Event: 3.266 Thread 0x000000001f097800 Uncommon trap: reason=unstable_if action=reinterpret pc=0x0000000003ed3068 method=org.codehaus.plexus.classworlds.realm.Entry.matches(Ljava/lang/String;)Z @ 209
Event: 3.299 Thread 0x000000001f097800 Uncommon trap: reason=unstable_if action=reinterpret pc=0x00000000040ec938 method=org.apache.tomcat.util.bcel.classfile.ConstantUtf8$1.removeEldestEntry(Ljava/util/Map$Entry;)Z @ 7
Event: 3.299 Thread 0x000000001f097800 Uncommon trap: reason=unstable_if action=reinterpret pc=0x00000000040f72c4 method=org.apache.tomcat.util.bcel.classfile.ConstantUtf8$1.removeEldestEntry(Ljava/util/Map$Entry;)Z @ 7
Event: 3.396 Thread 0x000000001f097800 Uncommon trap: reason=unstable_if action=reinterpret pc=0x000000000415817c method=java.util.HashMap.removeNode(ILjava/lang/Object;Ljava/lang/Object;ZZ)Ljava/util/HashMap$Node; @ 71
Event: 3.419 Thread 0x000000001f097800 Uncommon trap: reason=unloaded action=reinterpret pc=0x000000000413cdcc method=org.apache.tomcat.util.bcel.classfile.Attribute.readAttribute(Ljava/io/DataInputStream;Lorg/apache/tomcat/util/bcel/classfile/ConstantPool;)Lorg/apache/tomcat/util/bcel/classfi
Event: 3.454 Thread 0x000000001f097800 Uncommon trap: reason=unstable_if action=reinterpret pc=0x00000000041523a4 method=java.util.HashMap.removeNode(ILjava/lang/Object;Ljava/lang/Object;ZZ)Ljava/util/HashMap$Node; @ 71
Event: 3.487 Thread 0x0000000019ac3000 Uncommon trap: reason=unstable_if action=reinterpret pc=0x0000000004187d40 method=java.util.WeakHashMap.eq(Ljava/lang/Object;Ljava/lang/Object;)Z @ 10
Event: 3.487 Thread 0x0000000019ac3000 Uncommon trap: reason=unstable_if action=reinterpret pc=0x0000000003fda56c method=java.util.WeakHashMap.eq(Ljava/lang/Object;Ljava/lang/Object;)Z @ 10

Classes redefined (0 events):
No events

Internal exceptions (10 events):
Event: 1.087 Thread 0x000000000322d800 Implicit null exception at 0x0000000003581def to 0x0000000003581e59
Event: 1.092 Thread 0x000000000322d800 Implicit null exception at 0x0000000003883bb7 to 0x0000000003883e01
Event: 1.100 Thread 0x000000000322d800 Implicit null exception at 0x000000000382d941 to 0x000000000382e16d
Event: 1.101 Thread 0x000000000322d800 Implicit null exception at 0x00000000036c487b to 0x00000000036c4e39
Event: 1.619 Thread 0x000000000322d800 Implicit null exception at 0x0000000003a9dce5 to 0x0000000003a9eded
Event: 1.852 Thread 0x000000000322d800 Implicit null exception at 0x0000000003c3a460 to 0x0000000003c3b69e
Event: 2.241 Thread 0x000000000322d800 Exception <a 'java/io/FileNotFoundException'> (0x00000000d705a3b0) thrown at [C:\re\workspace\8-2-build-windows-amd64-cygwin\jdk8u161\10277\hotspot\src\share\vm\prims\jni.cpp, line 709]
Event: 2.983 Thread 0x000000001f097800 Implicit null exception at 0x0000000003459556 to 0x00000000034598f1
Event: 2.983 Thread 0x000000001f097800 Implicit null exception at 0x0000000003444754 to 0x0000000003444b09
Event: 3.078 Thread 0x000000001f097800 Implicit null exception at 0x0000000003d987fc to 0x0000000003d98d2d

Events (10 events):
Event: 3.503 Thread 0x0000000019ada800 flushing nmethod 0x00000000038807d0
Event: 3.503 Thread 0x0000000019ada800 flushing nmethod 0x00000000038838d0
Event: 3.503 Thread 0x0000000019ada800 flushing nmethod 0x0000000003885590
Event: 3.503 Thread 0x0000000019ada800 flushing nmethod 0x000000000389e9d0
Event: 3.503 Thread 0x0000000019ada800 flushing nmethod 0x00000000038b2b90
Event: 3.503 Thread 0x0000000019ada800 flushing nmethod 0x00000000038bc510
Event: 3.510 Thread 0x0000000019b38000 flushing nmethod 0x00000000038ee1d0
Event: 3.510 Thread 0x0000000019b38000 flushing nmethod 0x00000000038faad0
Event: 3.510 Thread 0x0000000019b38000 flushing nmethod 0x0000000003946cd0
Event: 3.520 Thread 0x0000000019ada800 flushing nmethod 0x0000000003996f90


Dynamic libraries:
0x00007ff7cf770000 - 0x00007ff7cf7a7000 	D:\java\jdk1.8.0_161\bin\javaw.exe
0x00007ffb0da00000 - 0x00007ffb0dbf0000 	C:\WINDOWS\SYSTEM32\ntdll.dll
0x00007ffb0c520000 - 0x00007ffb0c5d2000 	C:\WINDOWS\System32\KERNEL32.DLL
0x00007ffb0b810000 - 0x00007ffb0bab3000 	C:\WINDOWS\System32\KERNELBASE.dll
0x00007ffb0bcc0000 - 0x00007ffb0bd63000 	C:\WINDOWS\System32\ADVAPI32.dll
0x00007ffb0bac0000 - 0x00007ffb0bb5e000 	C:\WINDOWS\System32\msvcrt.dll
0x00007ffb0d920000 - 0x00007ffb0d9b7000 	C:\WINDOWS\System32\sechost.dll
0x00007ffb0c660000 - 0x00007ffb0c780000 	C:\WINDOWS\System32\RPCRT4.dll
0x00007ffb0cb70000 - 0x00007ffb0cd03000 	C:\WINDOWS\System32\USER32.dll
0x00007ffb0ab40000 - 0x00007ffb0ab61000 	C:\WINDOWS\System32\win32u.dll
0x00007ffb0ca70000 - 0x00007ffb0ca96000 	C:\WINDOWS\System32\GDI32.dll
0x00007ffb0b670000 - 0x00007ffb0b804000 	C:\WINDOWS\System32\gdi32full.dll
0x00007ffb0aa70000 - 0x00007ffb0ab0e000 	C:\WINDOWS\System32\msvcp_win.dll
0x00007ffb0b570000 - 0x00007ffb0b66a000 	C:\WINDOWS\System32\ucrtbase.dll
0x00007ffaf8880000 - 0x00007ffaf8b05000 	C:\WINDOWS\WinSxS\amd64_microsoft.windows.common-controls_6595b64144ccf1df_6.0.18362.239_none_e6c7aebd130c7608\COMCTL32.dll
0x00007ffb0c070000 - 0x00007ffb0c3a6000 	C:\WINDOWS\System32\combase.dll
0x00007ffb0ac20000 - 0x00007ffb0aca0000 	C:\WINDOWS\System32\bcryptPrimitives.dll
0x00007ffb0cd10000 - 0x00007ffb0cd3e000 	C:\WINDOWS\System32\IMM32.DLL
0x000000005b600000 - 0x000000005b6d2000 	D:\java\jdk1.8.0_161\jre\bin\msvcr100.dll
0x000000005ad60000 - 0x000000005b5ff000 	D:\java\jdk1.8.0_161\jre\bin\server\jvm.dll
0x00007ffb0c650000 - 0x00007ffb0c658000 	C:\WINDOWS\System32\PSAPI.DLL
0x00007ffb08ae0000 - 0x00007ffb08ae9000 	C:\WINDOWS\SYSTEM32\WSOCK32.dll
0x00007ffb08950000 - 0x00007ffb08974000 	C:\WINDOWS\SYSTEM32\WINMM.dll
0x00007ffb03a70000 - 0x00007ffb03a7a000 	C:\WINDOWS\SYSTEM32\VERSION.dll
0x00007ffb0d420000 - 0x00007ffb0d48f000 	C:\WINDOWS\System32\WS2_32.dll
0x00007ffb084d0000 - 0x00007ffb084fd000 	C:\WINDOWS\SYSTEM32\winmmbase.dll
0x00007ffb0a9a0000 - 0x00007ffb0a9ea000 	C:\WINDOWS\System32\cfgmgr32.dll
0x000000005ad50000 - 0x000000005ad5f000 	D:\java\jdk1.8.0_161\jre\bin\verify.dll
0x000000005ad20000 - 0x000000005ad49000 	D:\java\jdk1.8.0_161\jre\bin\java.dll
0x000000005ad00000 - 0x000000005ad16000 	D:\java\jdk1.8.0_161\jre\bin\zip.dll
0x00007ffb0cd40000 - 0x00007ffb0d420000 	C:\WINDOWS\System32\SHELL32.dll
0x00007ffb0c470000 - 0x00007ffb0c519000 	C:\WINDOWS\System32\shcore.dll
0x00007ffb0adf0000 - 0x00007ffb0b56b000 	C:\WINDOWS\System32\windows.storage.dll
0x00007ffb0a980000 - 0x00007ffb0a99f000 	C:\WINDOWS\System32\profapi.dll
0x00007ffb0a910000 - 0x00007ffb0a95a000 	C:\WINDOWS\System32\powrprof.dll
0x00007ffb0a8e0000 - 0x00007ffb0a8f0000 	C:\WINDOWS\System32\UMPDC.dll
0x00007ffb0bec0000 - 0x00007ffb0bf12000 	C:\WINDOWS\System32\shlwapi.dll
0x00007ffb0a960000 - 0x00007ffb0a971000 	C:\WINDOWS\System32\kernel.appcore.dll
0x00007ffb0aa50000 - 0x00007ffb0aa67000 	C:\WINDOWS\System32\cryptsp.dll
0x000000005ace0000 - 0x000000005acfa000 	D:\java\jdk1.8.0_161\jre\bin\net.dll
0x00007ffb0a120000 - 0x00007ffb0a187000 	C:\WINDOWS\system32\mswsock.dll
0x000000005acc0000 - 0x000000005acd1000 	D:\java\jdk1.8.0_161\jre\bin\nio.dll
0x00007ffb09c80000 - 0x00007ffb09cb3000 	C:\WINDOWS\system32\rsaenh.dll
0x00007ffb0ab10000 - 0x00007ffb0ab36000 	C:\WINDOWS\System32\bcrypt.dll
0x00007ffb0a7d0000 - 0x00007ffb0a7f5000 	C:\WINDOWS\SYSTEM32\USERENV.dll
0x00007ffb0a2f0000 - 0x00007ffb0a2fc000 	C:\WINDOWS\SYSTEM32\CRYPTBASE.dll
0x00007ffb09e20000 - 0x00007ffb09e5a000 	C:\WINDOWS\SYSTEM32\IPHLPAPI.DLL
0x00007ffb0c460000 - 0x00007ffb0c468000 	C:\WINDOWS\System32\NSI.dll
0x00007ffb02a30000 - 0x00007ffb02a46000 	C:\WINDOWS\SYSTEM32\dhcpcsvc6.DLL
0x00007ffb029f0000 - 0x00007ffb02a0c000 	C:\WINDOWS\SYSTEM32\dhcpcsvc.DLL
0x00007ffb09e60000 - 0x00007ffb09f2a000 	C:\WINDOWS\SYSTEM32\DNSAPI.dll
0x000000005acb0000 - 0x000000005acbd000 	D:\java\jdk1.8.0_161\jre\bin\management.dll

VM Arguments:
jvm_args: -Dmaven.home=EMBEDDED -Dclassworlds.conf=D:\Software\eclipse-workpace\.metadata\.plugins\org.eclipse.m2e.launching\launches\m2conf3476972079978580439.tmp -Dmaven.multiModuleProjectDirectory=D:\Software\eclipse-workpace\pinyougou-parent\pinyougou-user-service -Dfile.encoding=GBK 
java_command: org.codehaus.plexus.classworlds.launcher.Launcher -B -gs D:\maven\apache-maven-3.6.1\conf\settings.xml tomcat7:run
java_class_path (initial): D:\Software\eclipse\plugins\org.eclipse.m2e.maven.runtime_1.8.3.20180227-2135\jars\plexus-classworlds-2.5.2.jar
Launcher Type: SUN_STANDARD

Environment Variables:
JAVA_HOME=D:\java\jdk1.8.0
PATH=D:/java/jdk1.8.0/bin/server;D:/java/jdk1.8.0/bin;D:/java/jdk1.8.0/lib/amd64;D:\Software\Xftp\;D:\Software\Xshell 6\;D:\java\jdk1.8.0\bin;D:\java\jdk1.8.0\jre\bin;D:\maven\apache-maven-3.6.1\bin;D:\Program Files\MySQL\MySQL Server 5.7\bin;%CATALINA_HOME%\lib;%CATALINA_HOME%\bin;C:\WINDOWS\system32;C:\WINDOWS;C:\WINDOWS\System32\Wbem;C:\WINDOWS\System32\WindowsPowerShell\v1.0\;C:\WINDOWS\System32\OpenSSH\;C:\Users\…ÚºŒ«Ï\AppData\Local\Microsoft\WindowsApps;;D:\Software\eclipse;
USERNAME=…ÚºŒ«Ï
OS=Windows_NT
PROCESSOR_IDENTIFIER=Intel64 Family 6 Model 158 Stepping 10, GenuineIntel



---------------  S Y S T E M  ---------------

OS: Windows 10.0 , 64 bit Build 18362 (10.0.18362.86)

CPU:total 12 (initial active 12) (6 cores per cpu, 2 threads per core) family 6 model 158 stepping 10, cmov, cx8, fxsr, mmx, sse, sse2, sse3, ssse3, sse4.1, sse4.2, popcnt, avx, avx2, aes, clmul, erms, 3dnowpref, lzcnt, ht, tsc, tscinvbit, bmi1, bmi2, adx

Memory: 4k page, physical 8276260k(1085008k free), swap 21310376k(4164k free)

vm_info: Java HotSpot(TM) 64-Bit Server VM (25.161-b12) for windows-amd64 JRE (1.8.0_161-b12), built on Dec 19 2017 17:52:25 by "java_re" with MS VC++ 10.0 (VS2010)

time: Thu Aug 15 15:25:16 2019
elapsed time: 3 seconds (0d 0h 0m 3s)

