JvmtiExport can_access_local_variables 0
JvmtiExport can_hotswap_or_post_breakpoint 0
JvmtiExport can_post_on_exceptions 0
# 515 ciObject found
ciMethod java/lang/Object <init> ()V 4097 1 985785 0 0
ciMethod java/lang/Object getClass ()Ljava/lang/Class; 2049 1 256 0 -1
ciMethod java/lang/Object hashCode ()I 2049 1 256 0 -1
ciMethod java/lang/Object equals (Ljava/lang/Object;)Z 3097 1 9865 0 -1
ciMethod java/lang/String <init> ([CII)V 1961 1 5432 0 768
ciMethod java/lang/String <init> ([CZ)V 1873 1 13562 0 64
ciMethod java/lang/String length ()I 4097 1 422469 0 64
ciMethod java/lang/String getChars (II[CI)V 3081 1 5581 0 -1
ciMethod java/lang/String equals (Ljava/lang/Object;)Z 2129 9041 19175 0 -1
ciMethod java/lang/String startsWith (Ljava/lang/String;I)Z 2553 513 7524 0 448
ciMethod java/lang/String startsWith (Ljava/lang/String;)Z 2201 1 83513 0 352
ciMethod java/lang/String hashCode ()I 2961 32769 1483 0 288
ciMethod java/lang/String indexOf (I)I 2073 1 78787 0 -1
ciMethod java/lang/String substring (I)Ljava/lang/String; 1705 1 7450 0 -1
ciMethod java/lang/String substring (II)Ljava/lang/String; 2081 1 5428 0 -1
ciMethod java/lang/String replace (CC)Ljava/lang/String; 937 66897 1696 0 1088
ciMethod java/lang/String valueOf (Ljava/lang/Object;)Ljava/lang/String; 561 1 17369 0 -1
ciMethod java/lang/Class isAnnotation ()Z 2145 1 27469 0 0
ciMethod java/lang/Class getName ()Ljava/lang/String; 361 1 25000 0 96
ciMethod java/lang/Class getName0 ()Ljava/lang/String; 2057 1 257 0 -1
ciMethod java/lang/Class getModifiers ()I 2049 1 256 0 -1
ciMethod java/lang/ClassLoader getResourceAsStream (Ljava/lang/String;)Ljava/io/InputStream; 0 0 1 0 -1
ciMethod java/lang/System currentTimeMillis ()J 3073 1 384 0 -1
ciMethod java/lang/Throwable <init> ()V 137 1 130 0 -1
ciMethod java/lang/Throwable getStackTrace ()[Ljava/lang/StackTraceElement; 137 1 119 0 -1
ciMethod java/lang/Thread currentThread ()Ljava/lang/Thread; 2049 1 256 0 -1
ciMethod java/lang/Thread getId ()J 3073 1 957 0 -1
ciMethod java/util/Map size ()I 0 0 1 0 -1
ciMethod java/util/Map containsKey (Ljava/lang/Object;)Z 0 0 1 0 -1
ciMethod java/util/Map get (Ljava/lang/Object;)Ljava/lang/Object; 0 0 1 0 -1
ciMethod java/util/Map put (Ljava/lang/Object;Ljava/lang/Object;)Ljava/lang/Object; 0 0 1 0 -1
ciMethod java/util/Map entrySet ()Ljava/util/Set; 0 0 1 0 -1
ciMethod java/lang/StringBuffer <init> ()V 1433 1 310 0 -1
ciMethod java/lang/StringBuffer toString ()Ljava/lang/String; 97 1 5617 0 -1
ciMethod java/lang/AbstractStringBuilder <init> (I)V 881 1 102720 0 256
ciMethod java/lang/AbstractStringBuilder ensureCapacityInternal (I)V 3793 1 137647 0 -1
ciMethod java/lang/AbstractStringBuilder append (Ljava/lang/String;)Ljava/lang/AbstractStringBuilder; 1609 1 15677 0 1024
ciMethod java/lang/AbstractStringBuilder appendNull ()Ljava/lang/AbstractStringBuilder; 0 0 15 0 -1
ciMethod java/lang/StringBuilder <init> ()V 777 1 68677 0 192
ciMethod java/lang/StringBuilder append (Ljava/lang/Object;)Ljava/lang/StringBuilder; 473 1 1808 0 -1
ciMethod java/lang/StringBuilder append (Ljava/lang/String;)Ljava/lang/StringBuilder; 1489 1 180193 0 0
ciMethod java/lang/StringBuilder toString ()Ljava/lang/String; 769 1 87400 0 832
ciMethod java/io/InputStream <init> ()V 2049 1 21781 0 96
ciMethod java/io/InputStream read ()I 0 0 1 0 -1
ciMethod java/io/InputStream close ()V 0 0 1 0 -1
ciMethod java/net/URL openStream ()Ljava/io/InputStream; 1265 1 540 0 -1
ciMethod java/lang/StackTraceElement getClassName ()Ljava/lang/String; 1081 1 135 0 -1
ciMethod java/lang/StackTraceElement getMethodName ()Ljava/lang/String; 33 1 3 0 -1
ciMethod java/lang/Integer valueOf (I)Ljava/lang/Integer; 313 1 3738 0 -1
ciMethod java/lang/Integer intValue ()I 1025 1 128 0 -1
ciMethod java/util/List size ()I 0 0 1 0 -1
ciMethod java/util/List toArray ([Ljava/lang/Object;)[Ljava/lang/Object; 0 0 1 0 -1
ciMethod java/util/List add (Ljava/lang/Object;)Z 0 0 1 0 -1
ciMethod java/util/ArrayList <init> ()V 1921 1 81617 0 -1
ciMethod java/util/Set size ()I 0 0 1 0 -1
ciMethod java/util/Set iterator ()Ljava/util/Iterator; 0 0 1 0 -1
ciMethod java/util/Set add (Ljava/lang/Object;)Z 0 0 1 0 -1
ciMethod java/util/Set addAll (Ljava/util/Collection;)Z 0 0 1 0 -1
ciMethod java/util/AbstractSet <init> ()V 225 1 29068 0 -1
ciMethod java/util/HashMap hash (Ljava/lang/Object;)I 2529 1 108827 0 160
ciMethod java/util/HashMap size ()I 1025 1 128 0 0
ciMethod java/util/HashMap get (Ljava/lang/Object;)Ljava/lang/Object; 3289 1 28584 0 672
ciMethod java/util/HashMap getNode (ILjava/lang/Object;)Ljava/util/HashMap$Node; 3745 33 18102 0 480
ciMethod java/util/HashMap containsKey (Ljava/lang/Object;)Z 329 1 6436 0 640
ciMethod java/util/HashMap put (Ljava/lang/Object;Ljava/lang/Object;)Ljava/lang/Object; 1937 1 26969 0 1728
ciMethod java/util/HashMap putVal (ILjava/lang/Object;Ljava/lang/Object;ZZ)Ljava/lang/Object; 1937 201 5722 0 1568
ciMethod java/util/HashMap resize ()[Ljava/util/HashMap$Node; 273 5329 2080 0 -1
ciMethod java/util/HashMap treeifyBin ([Ljava/util/HashMap$Node;I)V 0 0 1 0 -1
ciMethod java/util/HashMap entrySet ()Ljava/util/Set; 2065 1 9520 0 192
ciMethod java/util/HashMap newNode (ILjava/lang/Object;Ljava/lang/Object;Ljava/util/HashMap$Node;)Ljava/util/HashMap$Node; 2049 1 5497 0 224
ciMethod java/util/HashMap afterNodeAccess (Ljava/util/HashMap$Node;)V 2049 1 810 0 0
ciMethod java/util/HashMap afterNodeInsertion (Z)V 2049 1 1363 0 0
ciMethod java/util/Map$Entry getKey ()Ljava/lang/Object; 0 0 1 0 -1
ciMethod java/util/Map$Entry getValue ()Ljava/lang/Object; 0 0 1 0 -1
ciMethod java/util/HashMap$Node <init> (ILjava/lang/Object;Ljava/lang/Object;Ljava/util/HashMap$Node;)V 2065 1 10899 0 0
ciMethod java/util/HashMap$Node getKey ()Ljava/lang/Object; 1513 1 189 0 0
ciMethod java/lang/ThreadLocal get ()Ljava/lang/Object; 3073 1 6537 0 -1
ciMethod java/lang/ThreadLocal set (Ljava/lang/Object;)V 89 1 41 0 -1
ciMethod java/util/concurrent/atomic/AtomicInteger getAndIncrement ()I 17 1 2 0 -1
ciMethod java/util/Arrays copyOfRange ([CII)[C 2049 1 5431 0 -1
ciMethodData java/lang/String length ()I 2 422469 orig 264 152 82 52 91 0 0 0 0 24 60 157 23 0 0 0 0 32 1 0 0 0 0 0 0 0 0 0 0 0 0 0 0 0 0 0 0 0 0 0 0 0 0 0 0 0 0 0 0 0 0 0 0 0 0 0 0 0 0 0 0 0 0 0 0 0 0 0 0 0 0 0 0 0 0 0 0 0 0 0 0 77 68 79 32 101 120 116 114 97 32 100 97 116 97 32 108 111 99 107 0 0 0 0 0 0 0 0 0 0 0 0 0 0 0 0 0 0 0 0 0 0 0 0 0 0 0 0 0 0 0 0 0 0 0 0 0 0 0 0 0 0 0 0 0 0 0 0 0 0 0 0 0 0 0 0 0 0 0 0 0 0 0 0 0 0 0 0 0 0 0 0 0 0 0 0 0 0 0 0 0 0 0 0 0 1 0 0 0 0 0 0 0 0 0 0 0 0 0 0 0 1 0 0 0 0 0 0 0 0 0 0 0 0 0 0 0 0 2 0 0 41 130 51 0 1 0 0 0 0 0 0 0 0 0 0 0 2 0 0 0 0 0 0 0 0 0 0 0 0 0 0 0 255 255 255 255 0 0 0 0 0 0 0 0 data 0 oops 0
ciMethodData java/lang/Object <init> ()V 2 985785 orig 264 152 82 52 91 0 0 0 0 128 4 157 23 0 0 0 0 32 1 0 0 0 0 0 0 0 0 0 0 0 0 0 0 0 0 0 0 0 0 0 0 0 0 0 0 0 0 0 0 0 0 0 0 0 0 0 0 0 0 0 0 0 0 0 0 0 0 0 0 0 0 0 0 0 0 0 0 0 0 0 0 77 68 79 32 101 120 116 114 97 32 100 97 116 97 32 108 111 99 107 0 0 0 0 0 0 0 0 0 0 0 0 0 0 0 0 0 0 0 0 0 0 0 0 0 0 0 0 0 0 0 0 0 0 0 0 0 0 0 0 0 0 0 0 0 0 0 0 0 0 0 0 0 0 0 0 0 0 0 0 0 0 0 0 0 0 0 0 0 0 0 0 0 0 0 0 0 0 0 0 0 0 0 0 0 1 0 0 0 0 0 0 0 1 0 0 0 0 0 0 0 1 0 0 0 0 0 0 0 0 0 0 0 0 0 0 0 0 2 0 0 201 69 120 0 1 0 0 0 0 0 0 0 0 0 0 0 2 0 0 0 0 0 3 0 1 0 0 0 0 0 0 0 255 255 255 255 0 0 0 0 0 0 0 0 data 0 oops 0
ciMethod java/util/Iterator hasNext ()Z 0 0 1 0 -1
ciMethod java/util/Iterator next ()Ljava/lang/Object; 0 0 1 0 -1
ciMethod java/io/BufferedInputStream <init> (Ljava/io/InputStream;I)V 2049 1 4450 0 0
ciMethod java/io/FilterInputStream <init> (Ljava/io/InputStream;)V 2049 1 15143 0 0
ciMethod java/io/FilterInputStream close ()V 1041 1 130 0 0
ciMethod java/util/concurrent/atomic/AtomicLong getAndIncrement ()J 249 1 30 0 -1
ciMethod java/util/HashMap$TreeNode getTreeNode (ILjava/lang/Object;)Ljava/util/HashMap$TreeNode; 0 0 1 0 -1
ciMethod java/util/HashMap$TreeNode putTreeVal (Ljava/util/HashMap;[Ljava/util/HashMap$Node;ILjava/lang/Object;Ljava/lang/Object;)Ljava/util/HashMap$TreeNode; 0 0 1 0 -1
ciMethod java/util/HashMap$TreeNode split (Ljava/util/HashMap;[Ljava/util/HashMap$Node;II)V 0 0 1 0 -1
ciMethodData java/lang/String hashCode ()I 2 21015 orig 264 152 82 52 91 0 0 0 0 184 79 157 23 0 0 0 0 152 1 0 0 32 0 0 0 0 0 0 0 0 0 0 0 0 0 0 0 0 0 0 0 0 0 0 0 0 0 0 0 0 0 0 0 0 0 0 0 0 0 0 0 0 0 0 0 0 0 0 0 0 0 0 0 0 0 0 0 0 0 0 0 77 68 79 32 101 120 116 114 97 32 100 97 116 97 32 108 111 99 107 0 0 0 0 0 0 0 0 0 0 0 0 0 0 0 0 0 0 0 0 0 0 0 0 0 0 0 0 0 0 0 0 0 0 0 0 0 0 0 0 0 0 0 0 0 0 0 0 0 0 0 0 0 0 0 0 0 0 0 0 0 0 0 0 0 0 0 0 0 0 0 0 0 0 0 0 0 0 0 0 0 0 0 0 0 1 0 0 0 0 0 0 0 0 0 0 0 0 0 0 0 1 0 0 0 0 0 0 0 0 0 0 0 0 0 0 0 0 16 0 0 201 34 0 0 185 16 2 0 0 0 0 0 0 0 0 0 2 0 0 0 1 0 11 0 2 0 0 0 120 0 0 0 255 255 255 255 7 0 6 0 0 0 0 0 data 15 0x60007 0x238 0x78 0x221 0xe0007 0x1 0x58 0x220 0x1e0007 0x220 0x38 0x420e 0x2d0003 0x420e 0xffffffffffffffe0 oops 0
ciMethod java/util/HashSet <init> ()V 169 1 13700 0 -1
ciMethod java/util/HashSet size ()I 4097 1 7685 0 64
ciMethod java/util/zip/ZipFile close ()V 2049 841 933 0 -1
ciMethodData java/lang/StringBuilder <init> ()V 2 68773 orig 264 152 82 52 91 0 0 0 0 176 119 164 23 0 0 0 0 48 1 0 0 0 0 0 0 0 0 0 0 0 0 0 0 0 0 0 0 0 0 0 0 0 0 0 0 0 0 0 0 0 0 0 0 0 0 0 0 0 0 0 0 0 0 0 0 0 0 0 0 0 0 0 0 0 0 0 0 0 0 0 0 77 68 79 32 101 120 116 114 97 32 100 97 116 97 32 108 111 99 107 0 0 0 0 0 0 0 0 0 0 0 0 0 0 0 0 0 0 0 0 0 0 0 0 0 0 0 0 0 0 0 0 0 0 0 0 0 0 0 0 0 0 0 0 0 0 0 0 0 0 0 0 0 0 0 0 0 0 0 0 0 0 0 0 0 0 0 0 0 0 0 0 0 0 0 0 0 0 0 0 0 0 0 0 0 1 0 0 0 0 0 0 0 0 0 0 0 0 0 0 0 1 0 0 0 0 0 0 0 0 0 0 0 0 0 0 0 97 0 0 0 33 98 8 0 1 0 0 0 0 0 0 0 0 0 0 0 2 0 0 0 0 0 3 0 2 0 0 0 16 0 0 0 255 255 255 255 2 0 3 0 0 0 0 0 data 2 0x30002 0x10c44 oops 0
ciMethodData java/lang/AbstractStringBuilder <init> (I)V 2 103071 orig 264 152 82 52 91 0 0 0 0 224 58 164 23 0 0 0 0 56 1 0 0 0 0 0 0 0 0 0 0 0 0 0 0 0 0 0 0 0 0 0 0 0 0 0 0 0 0 0 0 0 0 0 0 0 0 0 0 0 0 0 0 0 0 0 0 0 0 0 0 0 0 0 0 0 0 0 0 0 0 0 0 77 68 79 32 101 120 116 114 97 32 100 97 116 97 32 108 111 99 107 0 0 0 0 0 0 0 0 0 0 0 0 0 0 0 0 0 0 0 0 0 0 0 0 0 0 0 0 0 0 0 0 0 0 0 0 0 0 0 0 0 0 0 0 0 0 0 0 0 0 0 0 0 0 0 0 0 0 0 0 0 0 0 0 0 0 0 0 0 0 0 0 0 0 0 0 0 0 0 0 0 0 0 0 0 9 0 0 0 0 0 0 0 0 0 0 0 0 0 0 0 1 0 0 0 0 0 0 0 0 0 0 0 0 0 0 0 110 0 0 0 137 145 12 0 1 0 0 0 0 0 0 0 0 0 0 0 2 0 0 0 0 0 3 0 2 0 0 0 16 0 0 0 255 255 255 255 2 0 1 0 0 0 0 0 data 2 0x10002 0x19231 oops 0
ciMethodData java/lang/StringBuilder append (Ljava/lang/String;)Ljava/lang/StringBuilder; 2 180449 orig 264 152 82 52 91 0 0 0 0 200 122 164 23 0 0 0 0 56 1 0 0 0 0 0 0 0 0 0 0 0 0 0 0 0 0 0 0 0 0 0 0 0 0 0 0 0 0 0 0 0 0 0 0 0 0 0 0 0 0 0 0 0 0 0 0 0 0 0 0 0 0 0 0 0 0 0 0 0 0 0 0 77 68 79 32 101 120 116 114 97 32 100 97 116 97 32 108 111 99 107 0 0 0 0 0 0 0 0 0 0 0 0 0 0 0 0 0 0 0 0 0 0 0 0 0 0 0 0 0 0 0 0 0 0 0 0 0 0 0 0 0 0 0 0 0 1 0 0 0 0 0 0 0 0 0 0 0 0 0 0 0 0 0 0 0 0 0 0 0 0 0 0 0 0 0 0 0 0 0 0 0 0 0 0 0 19 0 0 0 0 0 0 0 0 0 0 0 0 0 0 0 2 0 0 0 0 0 0 0 1 0 0 0 0 0 0 0 186 0 0 0 57 1 22 0 1 0 0 0 100 114 2 0 0 0 0 0 2 0 0 0 0 0 3 0 2 0 0 0 16 0 0 0 255 255 255 255 2 0 2 0 0 0 0 0 data 2 0x20002 0x2c027 oops 0
ciMethodData java/lang/AbstractStringBuilder append (Ljava/lang/String;)Ljava/lang/AbstractStringBuilder; 2 15677 orig 264 152 82 52 91 0 0 0 0 184 70 164 23 0 0 0 0 240 1 0 0 0 0 0 0 0 0 0 0 0 0 0 0 0 0 0 0 0 0 0 0 0 0 0 0 0 0 0 0 0 0 0 0 0 0 0 0 0 0 0 0 0 0 0 0 0 0 0 0 0 0 0 0 0 0 0 0 0 0 0 0 77 68 79 32 101 120 116 114 97 32 100 97 116 97 32 108 111 99 107 0 0 0 0 0 0 0 0 0 0 0 0 0 0 0 0 0 0 0 0 0 0 0 0 0 0 0 0 0 0 0 0 0 0 0 0 0 0 0 0 0 0 0 0 0 1 0 0 0 0 0 0 0 0 0 0 0 0 0 0 0 0 0 0 0 0 0 0 0 0 0 0 0 0 0 0 0 0 0 0 2 0 0 0 0 17 0 0 0 0 0 0 0 0 0 0 0 0 0 0 0 2 0 0 0 0 0 0 0 1 0 0 0 0 0 0 0 201 0 0 0 161 227 1 0 1 0 0 0 168 20 0 0 0 0 0 0 2 0 0 0 0 0 14 0 2 0 0 0 160 0 0 0 255 255 255 255 7 224 1 0 0 0 0 0 data 20 0x1e007 0x3c67 0x30 0xf 0x50002 0xf 0xa0005 0xde 0x31423f0 0x3b89 0x0 0x0 0x150002 0x3c67 0x230005 0xde 0x31423f0 0x3b89 0x0 0x0 oops 2 8 java/lang/String 16 java/lang/String
ciMethodData java/lang/StringBuilder toString ()Ljava/lang/String; 2 87496 orig 264 152 82 52 91 0 0 0 0 120 142 164 23 0 0 0 0 48 1 0 0 0 0 0 0 0 0 0 0 0 0 0 0 0 0 0 0 0 0 0 0 0 0 0 0 0 0 0 0 0 0 0 0 0 0 0 0 0 0 0 0 0 0 0 0 0 0 0 0 0 0 0 0 0 0 0 0 0 0 0 0 77 68 79 32 101 120 116 114 97 32 100 97 116 97 32 108 111 99 107 0 0 0 0 0 0 0 0 0 0 0 0 0 0 0 0 0 0 0 0 0 0 0 0 0 0 0 0 0 0 0 0 0 0 0 0 0 0 0 0 0 0 0 0 0 0 0 0 0 0 0 0 0 0 0 0 0 0 0 0 0 0 0 0 0 0 0 0 0 0 0 0 0 0 0 0 0 0 0 0 0 0 0 0 0 29 0 0 0 0 0 0 0 0 0 0 0 0 0 0 0 1 0 0 0 0 0 0 0 0 0 0 0 0 0 0 0 96 0 0 0 65 171 10 0 1 0 0 0 0 0 0 0 0 0 0 0 2 0 0 0 0 0 3 0 2 0 0 0 16 0 0 0 255 255 255 255 2 0 13 0 0 0 0 0 data 2 0xd0002 0x15568 oops 0
ciMethodData java/lang/String <init> ([CII)V 2 5432 orig 264 152 82 52 91 0 0 0 0 88 49 157 23 0 0 0 0 80 2 0 0 208 0 0 0 0 0 0 0 0 0 0 0 0 0 0 0 0 0 0 0 0 0 0 0 0 0 0 0 0 0 0 0 0 0 0 0 0 0 0 0 0 0 0 0 0 0 0 0 0 0 0 0 0 0 0 0 0 0 0 0 77 68 79 32 101 120 116 114 97 32 100 97 116 97 32 108 111 99 107 0 0 0 0 0 0 0 0 0 0 0 0 0 0 0 0 0 0 0 0 0 0 0 0 0 0 0 0 0 0 0 0 0 0 0 0 0 0 0 0 0 0 0 0 0 0 0 0 0 0 0 0 0 0 0 0 0 0 0 0 0 0 0 0 0 0 0 0 0 0 0 0 0 0 0 0 0 0 0 0 0 0 0 0 0 25 0 0 0 0 0 0 0 0 0 0 0 0 0 0 0 1 0 0 0 0 0 0 0 0 0 0 0 0 0 0 0 245 0 0 0 25 162 0 0 1 0 0 0 0 0 0 0 0 0 0 0 2 0 0 0 0 0 14 0 2 0 0 0 240 0 0 0 255 255 255 255 2 0 1 0 0 0 0 0 data 30 0x10002 0x1443 0x50007 0x1443 0x30 0x0 0xd0002 0x0 0x120007 0x13c9 0x70 0x7a 0x160007 0x7a 0x30 0x0 0x1e0002 0x0 0x250007 0x0 0x20 0x7a 0x370007 0x13c9 0x30 0x0 0x410002 0x0 0x4b0002 0x13c9 oops 0
ciMethodData java/util/HashMap hash (Ljava/lang/Object;)I 2 108827 orig 264 152 82 52 91 0 0 0 0 128 124 171 23 0 0 0 0 176 1 0 0 0 0 0 0 0 0 0 0 0 0 0 0 0 0 0 0 0 0 0 0 0 0 0 0 0 0 0 0 0 0 0 0 0 0 0 0 0 0 0 0 0 0 0 0 0 0 0 0 0 0 0 0 0 0 0 0 0 0 0 0 77 68 79 32 101 120 116 114 97 32 100 97 116 97 32 108 111 99 107 0 0 0 0 0 0 0 0 0 0 0 0 0 0 0 0 0 0 0 0 0 0 0 0 0 0 0 0 0 0 0 0 0 0 0 0 0 0 0 0 0 0 0 0 0 1 0 0 0 2 0 0 0 0 0 0 0 0 0 0 0 0 0 0 0 0 0 0 0 0 0 0 0 0 0 0 0 0 0 0 4 0 0 0 0 17 0 0 0 0 0 0 0 0 0 0 0 0 0 0 0 0 0 0 0 0 0 0 0 0 0 0 0 0 0 0 0 60 1 0 0 249 62 13 0 1 0 0 0 208 122 0 0 0 0 0 0 2 0 0 0 0 0 6 0 2 0 0 0 104 0 0 0 255 255 255 255 7 224 1 0 0 0 0 0 data 13 0x1e007 0x1a72e 0x38 0xb5 0x50003 0xb5 0x48 0x90005 0x56a1 0x31423f0 0x15048 0x19ad1240 0x45 oops 2 9 java/lang/String 11 java/io/File
ciMethodData java/util/HashMap getNode (ILjava/lang/Object;)Ljava/util/HashMap$Node; 2 18102 orig 264 152 82 52 91 0 0 0 0 48 134 171 23 0 0 0 0 8 4 0 0 160 0 0 0 0 0 0 0 0 0 0 0 0 0 0 0 0 0 0 0 0 0 0 0 0 0 0 0 0 0 0 0 0 0 0 0 0 0 0 0 0 0 0 0 0 0 0 0 0 0 0 0 0 0 0 0 0 0 0 0 77 68 79 32 101 120 116 114 97 32 100 97 116 97 32 108 111 99 107 0 0 0 0 0 0 0 0 0 0 0 0 0 0 0 0 0 0 0 0 0 0 0 0 0 0 0 0 0 0 0 0 0 0 0 0 0 0 0 0 0 0 0 0 0 2 0 0 0 2 0 0 0 0 0 0 0 0 0 0 0 0 0 0 0 0 0 0 0 0 0 0 0 0 0 0 0 0 0 0 4 0 0 0 0 17 0 0 0 0 0 0 0 0 0 0 0 0 0 0 0 1 0 0 0 0 0 0 0 0 0 0 0 0 0 0 0 212 1 0 0 17 39 2 0 65 19 0 0 66 44 0 0 97 2 0 0 2 0 0 0 1 0 37 0 2 0 0 0 176 2 0 0 255 255 255 255 7 0 6 0 0 0 0 0 data 86 0x60007 0x585 0x2b0 0x3f5d 0xe0007 0x0 0x290 0x3f5d 0x1c0007 0x1623 0x270 0x293a 0x250007 0xc3d 0xb0 0x1cfd 0x310007 0x11e0 0x90 0xb1d 0x35e007 0x46 0x70 0xad9 0x3b0005 0x8d8 0x19ad1240 0x5 0x19ad1630 0x1fc 0x3e0007 0x8f 0x20 0xa4a 0x4c0007 0x74c 0x1a0 0x5c6 0x510004 0xfffffffffffffa3a 0x1d6f7f00 0x4 0x1c04a800 0x5 0x540007 0x5c6 0x80 0x0 0x590004 0x0 0x0 0x0 0x0 0x0 0x5e0005 0x0 0x0 0x0 0x0 0x0 0x680007 0x263 0xb0 0x478 0x740007 0x14d 0x90 0x32b 0x780007 0x0 0x70 0x32b 0x7e0005 0x24f 0x19ad1240 0x5 0x31423f0 0xd7 0x81e007 0xa 0x20 0x323 0x8f0007 0x115 0xffffffffffffff50 0x158 oops 6 26 java/io/File 28 java/security/CodeSource 40 java/util/HashMap$Node 42 java/util/LinkedHashMap$Entry 74 java/io/File 76 java/lang/String
ciMethodData java/util/HashMap get (Ljava/lang/Object;)Ljava/lang/Object; 2 28716 orig 264 152 82 52 91 0 0 0 0 0 133 171 23 0 0 0 0 200 1 0 0 16 0 0 0 0 0 0 0 0 0 0 0 0 0 0 0 0 0 0 0 0 0 0 0 0 0 0 0 0 0 0 0 0 0 0 0 0 0 0 0 0 0 0 0 0 0 0 0 0 0 0 0 0 0 0 0 0 0 0 0 77 68 79 32 101 120 116 114 97 32 100 97 116 97 32 108 111 99 107 0 0 0 0 0 0 0 0 0 0 0 0 0 0 0 0 0 0 0 0 0 0 0 0 0 0 0 0 0 0 0 0 0 0 0 0 0 0 0 0 0 0 0 0 0 3 0 0 0 0 0 0 0 0 0 0 0 0 0 0 0 0 0 0 0 0 0 0 0 0 0 0 0 0 0 0 0 0 0 0 0 0 0 0 0 17 0 0 0 0 0 0 0 0 0 0 0 0 0 0 0 1 0 0 0 0 0 0 0 0 0 0 0 0 0 0 0 155 1 0 0 137 116 3 0 1 0 0 0 125 69 0 0 0 0 0 0 2 0 0 0 0 0 10 0 2 0 0 0 120 0 0 0 255 255 255 255 2 0 2 0 0 0 0 0 data 15 0x20002 0x6e91 0x60005 0x39f 0x1d6f7b90 0x6af3 0x0 0x0 0xb0007 0x3640 0x38 0x3854 0xf0003 0x3854 0x18 oops 1 4 java/util/HashMap
ciMethodData java/util/HashMap put (Ljava/lang/Object;Ljava/lang/Object;)Ljava/lang/Object; 2 26969 orig 264 152 82 52 91 0 0 0 0 112 135 171 23 0 0 0 0 152 1 0 0 0 0 0 0 0 0 0 0 0 0 0 0 0 0 0 0 0 0 0 0 0 0 0 0 0 0 0 0 0 0 0 0 0 0 0 0 0 0 0 0 0 0 0 0 0 0 0 0 0 0 0 0 0 0 0 0 0 0 0 0 77 68 79 32 101 120 116 114 97 32 100 97 116 97 32 108 111 99 107 0 0 0 0 0 0 0 0 0 0 0 0 0 0 0 0 0 0 0 0 0 0 0 0 0 0 0 0 0 0 0 0 0 0 0 0 0 0 0 0 0 0 0 0 0 2 0 0 0 0 0 0 0 0 0 0 0 0 0 0 0 0 0 0 0 0 0 0 0 0 0 0 0 0 0 0 0 0 0 0 0 0 0 0 0 17 0 0 0 0 0 0 0 0 0 0 0 0 0 0 0 0 0 0 0 0 0 0 0 0 0 0 0 0 0 0 0 242 0 0 0 57 67 3 0 1 0 0 0 91 104 0 0 0 0 0 0 2 0 0 0 0 0 7 0 2 0 0 0 64 0 0 0 255 255 255 255 2 0 2 0 0 0 0 0 data 8 0x20002 0x6867 0x90005 0x2f2c 0x1d6f7b90 0x38e2 0x19c99380 0x5b oops 2 4 java/util/HashMap 6 java/io/ExpiringCache$1
ciMethodData java/util/HashMap putVal (ILjava/lang/Object;Ljava/lang/Object;ZZ)Ljava/lang/Object; 2 5722 orig 264 152 82 52 91 0 0 0 0 80 137 171 23 0 0 0 0 176 6 0 0 176 3 0 0 0 0 0 0 0 0 0 0 0 0 0 0 0 0 0 0 0 0 0 0 0 0 0 0 0 0 0 0 0 0 0 0 0 0 0 0 0 0 0 0 0 0 0 0 0 0 0 0 0 0 0 0 0 0 0 0 77 68 79 32 101 120 116 114 97 32 100 97 116 97 32 108 111 99 107 0 0 0 0 0 0 0 0 0 0 0 0 0 0 0 0 0 0 0 0 0 0 0 0 0 0 0 0 0 0 0 0 0 0 0 0 0 0 0 0 0 0 0 0 0 1 0 0 0 0 0 0 0 0 0 0 0 0 0 0 0 0 0 0 0 0 0 0 5 0 0 0 0 0 0 0 0 0 0 0 0 0 0 0 0 0 0 0 0 0 0 0 0 0 0 0 0 0 0 0 0 0 0 0 0 0 0 0 0 0 0 0 0 0 0 0 0 242 0 0 0 65 171 0 0 17 14 0 0 104 21 0 0 194 1 0 0 2 0 0 0 1 0 50 0 2 0 0 0 64 5 0 0 255 255 255 255 7 0 7 0 0 0 0 0 data 168 0x70007 0x1e9 0x40 0x137f 0x100007 0x137f 0x50 0x0 0x140005 0x2e 0x1d6f7b90 0x14a 0x1fc248d0 0x71 0x2c0007 0x92c 0x98 0xc3c 0x380005 0x36 0x1d6f7b90 0xaa4 0x1fc248d0 0x162 0x3b0004 0x0 0x1d6f7f00 0xabe 0x1c04a800 0x17e 0x3c0003 0xc3c 0x3d0 0x450007 0x641 0xc8 0x2eb 0x510007 0x230 0x90 0xbb 0x550007 0x0 0x88 0xbb 0x5b0005 0xa2 0x19ad1240 0x6 0x19ad1360 0x13 0x5e0007 0x34 0x38 0x87 0x650003 0x2b7 0x278 0x6a0004 0xfffffffffffff98b 0x1d6f7f00 0x1a 0x1c04a800 0x7 0x6d0007 0x675 0x98 0x0 0x720004 0x0 0x0 0x0 0x0 0x0 0x7b0005 0x0 0x0 0x0 0x0 0x0 0x800003 0x0 0x1b0 0x8e0007 0x249 0xb8 0x5ee 0x980005 0x77 0x1d6f7b90 0x567 0x19c99380 0x10 0xa20007 0x5ee 0x148 0x0 0xa90005 0x0 0x0 0x0 0x0 0x0 0xac0003 0x0 0xf8 0xb50007 0x1be 0xc8 0x8b 0xc10007 0x85 0xc0 0x6 0xc50007 0x0 0x88 0x6 0xcbf005 0x7 0x1ef12410 0x1 0x19ad1360 0x3 0xce0007 0x4 0x38 0x7 0xd10003 0x7 0x30 0xdb0003 0x1c2 0xfffffffffffffe80 0xe00007 0x5ee 0x90 0x343 0xec0007 0x343 0x40 0x0 0xf10007 0x0 0x20 0x0 0xfd0005 0x0 0x1d6f7b90 0x329 0x1fc248d0 0x1a 0x11c0007 0x11a3 0x50 0x87 0x1200005 0x10 0x1d6f7b90 0x75 0x19c99380 0x2 0x1270005 0x55 0x1d6f7b90 0x100b 0x1fc248d0 0x1ca oops 20 10 java/util/HashMap 12 java/util/LinkedHashMap 20 java/util/HashMap 22 java/util/LinkedHashMap 26 java/util/HashMap$Node 28 java/util/LinkedHashMap$Entry 47 java/io/File 49 java/net/URL 60 java/util/HashMap$Node 62 java/util/LinkedHashMap$Entry 89 java/util/HashMap 91 java/io/ExpiringCache$1 120 com/google/inject/internal/ProviderMethodsModule 122 java/net/URL 148 java/util/HashMap 150 java/util/LinkedHashMap 158 java/util/HashMap 160 java/io/ExpiringCache$1 164 java/util/HashMap 166 java/util/LinkedHashMap
ciMethodData java/util/HashMap$Node <init> (ILjava/lang/Object;Ljava/lang/Object;Ljava/util/HashMap$Node;)V 2 10899 orig 264 152 82 52 91 0 0 0 0 128 203 171 23 0 0 0 0 80 1 0 0 0 0 0 0 0 0 0 0 0 0 0 0 0 0 0 0 0 0 0 0 0 0 0 0 0 0 0 0 0 0 0 0 0 0 0 0 0 0 0 0 0 0 0 0 0 0 0 0 0 0 0 0 0 0 0 0 0 0 0 0 77 68 79 32 101 120 116 114 97 32 100 97 116 97 32 108 111 99 107 0 0 0 0 0 0 0 0 0 0 0 0 0 0 0 0 0 0 0 0 0 0 0 0 0 0 0 0 0 0 0 0 0 0 0 0 0 0 0 0 0 0 0 0 0 0 0 0 0 0 0 0 0 0 0 0 0 0 0 0 0 0 0 0 0 0 0 0 0 0 0 0 0 0 0 0 0 0 0 0 0 0 0 0 0 0 0 0 0 0 0 0 0 0 0 0 0 0 0 0 0 0 0 0 0 0 0 0 0 0 0 0 0 0 0 0 0 2 1 0 0 137 76 1 0 1 0 0 0 0 0 0 0 0 0 0 0 2 0 0 0 0 0 3 0 2 0 0 0 16 0 0 0 255 255 255 255 2 0 1 0 0 0 0 0 data 2 0x10002 0x2991 oops 0
ciMethodData java/lang/String startsWith (Ljava/lang/String;I)Z 2 31353 orig 264 152 82 52 91 0 0 0 0 176 77 157 23 0 0 0 0 176 1 0 0 0 0 0 0 0 0 0 0 0 0 0 0 0 0 0 0 0 0 0 0 0 0 0 0 0 0 0 0 0 0 0 0 0 0 0 0 0 0 0 0 0 0 0 0 0 0 0 0 0 0 0 0 0 0 0 0 0 0 0 0 77 68 79 32 101 120 116 114 97 32 100 97 116 97 32 108 111 99 107 0 0 0 0 0 0 0 0 0 0 0 0 0 0 0 0 0 0 0 0 0 0 0 0 0 0 0 0 0 0 0 0 0 0 0 0 0 0 0 0 0 0 0 0 0 1 0 0 0 0 0 0 0 0 0 0 0 0 0 0 0 0 0 0 0 0 0 0 0 0 0 0 0 0 0 0 0 0 0 0 2 0 0 0 0 0 0 0 0 0 0 0 0 0 0 0 0 0 0 0 0 0 0 0 0 0 0 0 0 0 0 0 0 0 0 0 0 63 1 0 0 41 225 0 0 201 209 3 0 207 16 0 0 151 50 0 0 2 0 0 0 1 0 13 0 2 0 0 0 128 0 0 0 255 255 255 255 7 224 25 0 0 0 0 0 data 16 0x19e007 0x16 0x40 0x1c11 0x250007 0x1b47 0x20 0xca 0x2f0007 0x9d1 0x40 0x7ae3 0x410007 0x696d 0xffffffffffffffe0 0x1176 oops 0
ciMethodData java/lang/String startsWith (Ljava/lang/String;)Z 2 83515 orig 264 152 82 52 91 0 0 0 0 72 78 157 23 0 0 0 0 128 1 0 0 0 0 0 0 0 0 0 0 0 0 0 0 0 0 0 0 0 0 0 0 0 0 0 0 0 0 0 0 0 0 0 0 0 0 0 0 0 0 0 0 0 0 0 0 0 0 0 0 0 0 0 0 0 0 0 0 0 0 0 0 77 68 79 32 101 120 116 114 97 32 100 97 116 97 32 108 111 99 107 0 0 0 0 0 0 0 0 0 0 0 0 0 0 0 0 0 0 0 0 0 0 0 0 0 0 0 0 0 0 0 0 0 0 0 0 0 0 0 0 0 0 0 0 0 0 0 0 0 0 0 0 0 0 0 0 0 0 0 0 0 0 0 0 0 0 0 0 0 0 0 0 0 0 0 0 0 0 0 0 0 0 0 0 0 0 0 0 0 0 0 0 0 0 0 0 0 0 0 0 0 0 0 0 0 0 0 0 0 0 0 0 0 0 0 0 0 19 1 0 0 65 41 10 0 1 0 0 0 0 0 0 0 0 0 0 0 2 0 0 0 0 0 3 0 2 0 0 0 48 0 0 0 255 255 255 255 5 0 3 0 0 0 0 0 data 6 0x30005 0x0 0x31423f0 0x14528 0x0 0x0 oops 1 2 java/lang/String
ciMethodData java/lang/String substring (II)Ljava/lang/String; 2 5428 orig 264 152 82 52 91 0 0 0 0 112 92 157 23 0 0 0 0 40 2 0 0 208 0 0 0 0 0 0 0 0 0 0 0 0 0 0 0 0 0 0 0 0 0 0 0 0 0 0 0 0 0 0 0 0 0 0 0 0 0 0 0 0 0 0 0 0 0 0 0 0 0 0 0 0 0 0 0 0 0 0 0 77 68 79 32 101 120 116 114 97 32 100 97 116 97 32 108 111 99 107 0 0 0 0 0 0 0 0 0 0 0 0 0 0 0 0 0 0 0 0 0 0 0 0 0 0 0 0 0 0 0 0 0 0 0 0 0 0 0 0 0 0 0 0 0 0 0 0 0 0 0 0 0 0 0 0 0 0 0 0 0 0 0 0 0 0 0 0 0 0 0 0 0 0 0 0 0 0 0 0 0 0 0 0 0 25 0 0 0 0 0 0 0 0 0 0 0 0 0 0 0 0 0 0 0 0 0 0 0 0 0 0 0 0 0 0 0 4 1 0 0 129 161 0 0 1 0 0 0 0 0 0 0 0 0 0 0 2 0 0 0 0 0 15 0 2 0 0 0 248 0 0 0 255 255 255 255 7 0 1 0 0 0 0 0 data 31 0x10007 0x1430 0x30 0x0 0x90002 0x0 0x130007 0x1430 0x30 0x0 0x1b0002 0x0 0x240007 0x1430 0x30 0x0 0x2c0002 0x0 0x310007 0x28a 0x58 0x11a6 0x3a0007 0x993 0x38 0x813 0x3e0003 0x813 0x28 0x4b0002 0xc1d oops 0
ciMethodData java/lang/String replace (CC)Ljava/lang/String; 2 83581 orig 264 152 82 52 91 0 0 0 0 240 94 157 23 0 0 0 0 136 2 0 0 0 0 0 0 0 0 0 0 0 0 0 0 0 0 0 0 0 0 0 0 0 0 0 0 0 0 0 0 0 0 0 0 0 0 0 0 0 0 0 0 0 0 0 0 0 0 0 0 0 0 0 0 0 0 0 0 0 0 0 0 77 68 79 32 101 120 116 114 97 32 100 97 116 97 32 108 111 99 107 0 0 0 0 0 0 0 0 0 0 0 0 0 0 0 0 0 0 0 0 0 0 0 0 0 0 0 0 0 0 0 0 0 0 0 0 0 0 0 0 0 0 0 0 0 1 0 0 0 0 0 0 0 0 0 0 0 0 0 0 0 0 0 0 0 0 0 0 0 0 0 0 0 0 0 0 0 0 0 0 1 0 0 0 0 25 0 0 0 0 0 0 0 0 0 0 0 0 0 0 0 1 0 0 0 0 0 0 0 1 0 0 0 0 0 0 0 170 32 0 0 89 49 0 0 153 46 9 0 12 3 0 0 240 140 0 0 2 0 0 0 3 0 23 0 2 0 0 0 80 1 0 0 255 255 255 255 7 224 2 0 0 0 0 0 data 42 0x2e007 0x1c 0x150 0x610 0x1a0007 0x1e8 0x58 0x553c 0x230007 0x5114 0xffffffffffffffe0 0x428 0x260003 0x428 0x18 0x2c0007 0x1e8 0xd8 0x428 0x3b0007 0x428 0x38 0x10ea 0x4b0003 0x10ea 0xffffffffffffffe0 0x510007 0x428 0x70 0xbfcf 0x620007 0xae7b 0x38 0x1154 0x660003 0x1154 0x18 0x6f0003 0xbfcf 0xffffffffffffffa8 0x790002 0x428 oops 0
ciMethodData java/lang/String <init> ([CZ)V 2 13562 orig 264 152 82 52 91 0 0 0 0 128 59 157 23 0 0 0 0 64 1 0 0 0 0 0 0 0 0 0 0 0 0 0 0 0 0 0 0 0 0 0 0 0 0 0 0 0 0 0 0 0 0 0 0 0 0 0 0 0 0 0 0 0 0 0 0 0 0 0 0 0 0 0 0 0 0 0 0 0 0 0 0 77 68 79 32 101 120 116 114 97 32 100 97 116 97 32 108 111 99 107 0 0 0 0 0 0 0 0 0 0 0 0 0 0 0 0 0 0 0 0 0 0 0 0 0 0 0 0 0 0 0 0 0 0 0 0 0 0 0 0 0 0 0 0 0 0 0 0 0 0 0 0 0 0 0 0 0 0 0 0 0 0 0 0 0 0 0 0 0 0 0 0 0 0 0 0 0 0 0 0 0 0 0 0 0 0 0 0 0 0 0 0 0 0 0 0 0 0 0 0 0 0 0 0 0 0 0 0 0 0 0 0 0 0 0 0 0 234 0 0 0 129 160 1 0 1 0 0 0 0 0 0 0 0 0 0 0 2 0 0 0 0 0 3 0 2 0 0 0 16 0 0 0 255 255 255 255 2 0 1 0 0 0 0 0 data 2 0x10002 0x3410 oops 0
ciMethod java/util/HashMap$HashIterator hasNext ()Z 3897 1 6700 0 64
ciMethod java/util/HashMap$HashIterator nextNode ()Ljava/util/HashMap$Node; 2065 2473 5526 0 448
ciMethodData java/util/HashMap newNode (ILjava/lang/Object;Ljava/lang/Object;Ljava/util/HashMap$Node;)Ljava/util/HashMap$Node; 2 5497 orig 264 152 82 52 91 0 0 0 0 232 164 171 23 0 0 0 0 80 1 0 0 0 0 0 0 0 0 0 0 0 0 0 0 0 0 0 0 0 0 0 0 0 0 0 0 0 0 0 0 0 0 0 0 0 0 0 0 0 0 0 0 0 0 0 0 0 0 0 0 0 0 0 0 0 0 0 0 0 0 0 0 77 68 79 32 101 120 116 114 97 32 100 97 116 97 32 108 111 99 107 0 0 0 0 0 0 0 0 0 0 0 0 0 0 0 0 0 0 0 0 0 0 0 0 0 0 0 0 0 0 0 0 0 0 0 0 0 0 0 0 0 0 0 0 0 0 0 0 0 0 0 0 0 0 0 0 0 0 0 0 0 0 0 0 0 0 0 0 0 0 0 0 0 0 0 0 0 0 0 0 0 0 0 0 0 0 0 0 0 0 0 0 0 0 0 0 0 0 0 0 0 0 0 0 0 0 0 0 0 0 0 0 0 0 0 0 0 0 1 0 0 201 163 0 0 1 0 0 0 0 0 0 0 0 0 0 0 2 0 0 0 0 0 3 0 2 0 0 0 16 0 0 0 255 255 255 255 2 0 9 0 0 0 0 0 data 2 0x90002 0x1479 oops 0
ciMethodData java/util/HashMap afterNodeInsertion (Z)V 2 1363 orig 264 152 82 52 91 0 0 0 0 176 168 171 23 0 0 0 0 40 1 0 0 0 0 0 0 0 0 0 0 0 0 0 0 0 0 0 0 0 0 0 0 0 0 0 0 0 0 0 0 0 0 0 0 0 0 0 0 0 0 0 0 0 0 0 0 0 0 0 0 0 0 0 0 0 0 0 0 0 0 0 0 77 68 79 32 101 120 116 114 97 32 100 97 116 97 32 108 111 99 107 0 0 0 0 0 0 0 0 0 0 0 0 0 0 0 0 0 0 0 0 0 0 0 0 0 0 0 0 0 0 0 0 0 0 0 0 0 0 0 0 0 0 0 0 0 0 0 0 0 0 0 0 0 0 0 0 0 0 0 0 0 0 0 0 0 0 0 0 0 0 0 0 0 0 0 0 0 0 0 0 0 0 0 0 0 0 0 0 0 0 0 0 0 0 0 0 0 0 0 0 0 0 0 0 0 0 0 0 0 0 0 0 0 0 0 0 0 0 1 0 0 153 34 0 0 1 0 0 0 0 0 0 0 0 0 0 0 2 0 0 0 0 0 3 0 1 0 0 0 0 0 0 0 255 255 255 255 0 0 0 0 0 0 0 0 data 0 oops 0
ciMethodData java/util/HashMap resize ()[Ljava/util/HashMap$Node; 2 17442 orig 264 152 82 52 91 0 0 0 0 128 139 171 23 0 0 0 0 56 6 0 0 176 1 0 0 0 0 0 0 0 0 0 0 0 0 0 0 0 0 0 0 0 0 0 0 0 0 0 0 0 0 0 0 0 0 0 0 0 0 0 0 0 0 0 0 0 0 0 0 0 0 0 0 0 0 0 0 0 0 0 0 77 68 79 32 101 120 116 114 97 32 100 97 116 97 32 108 111 99 107 0 0 0 0 0 0 0 0 0 0 0 0 0 0 0 0 0 0 0 0 0 0 0 0 0 0 0 0 0 0 0 0 0 0 0 0 0 0 0 0 0 0 0 0 0 0 0 0 0 0 0 0 0 0 0 0 0 0 0 0 0 0 0 0 0 0 0 0 0 0 0 0 0 0 0 0 0 0 0 0 0 0 0 0 0 0 0 0 0 0 0 0 0 0 0 0 0 0 0 0 0 0 0 0 0 0 0 0 0 0 0 0 0 0 0 0 0 154 2 0 0 241 63 0 0 65 12 2 0 0 0 0 0 0 0 0 0 2 0 0 0 2 0 56 0 2 0 0 0 240 4 0 0 255 255 255 255 7 0 6 0 0 0 0 0 data 158 0x60007 0xf0 0x38 0x70e 0xa0003 0x70e 0x18 0x190007 0x70e 0x98 0xf0 0x1f0007 0xf0 0x20 0x0 0x320007 0x0 0x90 0xf0 0x380007 0x13 0x70 0xdd 0x400003 0xdd 0x50 0x440007 0x37f 0x38 0x38f 0x4a0003 0x38f 0x18 0x570007 0x45c 0x78 0x3a2 0x680007 0x0 0x58 0x3a2 0x700007 0x0 0x38 0x3a2 0x760003 0x3a2 0x18 0x880004 0x0 0x1c047d20 0x50 0x0 0x0 0x940007 0x70e 0x340 0xf0 0x9d0007 0xf0 0x320 0x2f77 0xa70007 0x15c3 0x2e8 0x19b4 0xae0104 0x0 0x0 0x0 0x0 0x0 0xb40007 0x889 0x68 0x112b 0xc50004 0x0 0x1d6f7f00 0xf68 0x1c04a800 0x1c3 0xc60003 0x112b 0x248 0xcb0004 0xfffffffffffff777 0x1d6f7f00 0x13f 0x1c04a800 0x6 0xce0007 0x889 0x98 0x0 0xd30004 0x0 0x0 0x0 0x0 0x0 0xdc0005 0x0 0x0 0x0 0x0 0x0 0xdf0003 0x0 0x180 0xfc0007 0x800 0x70 0xb56 0x1010007 0x3fd 0x38 0x759 0x1080003 0x759 0x18 0x1160003 0xb56 0x50 0x11b0007 0x236 0x38 0x5ca 0x1220003 0x5ca 0x18 0x1350007 0xacd 0xffffffffffffff58 0x889 0x13a0007 0x130 0x50 0x759 0x1490004 0x0 0x1d6f7f00 0x6ba 0x1c04a800 0x9f 0x14c0007 0x2bf 0x50 0x5ca 0x15d0004 0x0 0x1d6f7f00 0x521 0x1c04a800 0xa9 0x1610003 0x2f77 0xfffffffffffffcf8 oops 9 50 [Ljava/util/HashMap$Node; 78 java/util/HashMap$Node 80 java/util/LinkedHashMap$Entry 87 java/util/HashMap$Node 89 java/util/LinkedHashMap$Entry 141 java/util/HashMap$Node 143 java/util/LinkedHashMap$Entry 151 java/util/HashMap$Node 153 java/util/LinkedHashMap$Entry
ciMethodData java/util/AbstractSet <init> ()V 2 29068 orig 264 152 82 52 91 0 0 0 0 248 149 170 23 0 0 0 0 48 1 0 0 0 0 0 0 0 0 0 0 0 0 0 0 0 0 0 0 0 0 0 0 0 0 0 0 0 0 0 0 0 0 0 0 0 0 0 0 0 0 0 0 0 0 0 0 0 0 0 0 0 0 0 0 0 0 0 0 0 0 0 0 77 68 79 32 101 120 116 114 97 32 100 97 116 97 32 108 111 99 107 0 0 0 0 0 0 0 0 0 0 0 0 0 0 0 0 0 0 0 0 0 0 0 0 0 0 0 0 0 0 0 0 0 0 0 0 0 0 0 0 0 0 0 0 0 0 0 0 0 0 0 0 0 0 0 0 0 0 0 0 0 0 0 0 0 0 0 0 0 0 0 0 0 0 0 0 0 0 0 0 0 0 0 0 0 1 0 0 0 0 0 0 0 0 0 0 0 0 0 0 0 1 0 0 0 0 0 0 0 0 0 0 0 0 0 0 0 28 0 0 0 129 139 3 0 1 0 0 0 0 0 0 0 0 0 0 0 2 0 0 0 0 0 3 0 2 0 0 0 16 0 0 0 255 255 255 255 2 0 1 0 0 0 0 0 data 2 0x10002 0x7170 oops 0
ciMethodData java/util/HashMap containsKey (Ljava/lang/Object;)Z 2 6436 orig 264 152 82 52 91 0 0 0 0 208 134 171 23 0 0 0 0 200 1 0 0 0 0 0 0 0 0 0 0 0 0 0 0 0 0 0 0 0 0 0 0 0 0 0 0 0 0 0 0 0 0 0 0 0 0 0 0 0 0 0 0 0 0 0 0 0 0 0 0 0 0 0 0 0 0 0 0 0 0 0 0 77 68 79 32 101 120 116 114 97 32 100 97 116 97 32 108 111 99 107 0 0 0 0 0 0 0 0 0 0 0 0 0 0 0 0 0 0 0 0 0 0 0 0 0 0 0 0 0 0 0 0 0 0 0 0 0 0 0 0 0 0 0 0 0 0 0 0 0 0 0 0 0 0 0 0 0 0 0 0 0 0 0 0 0 0 0 0 0 0 0 0 0 0 0 0 0 0 0 0 0 0 0 0 0 17 0 0 0 0 0 0 0 0 0 0 0 0 0 0 0 1 0 0 0 0 0 0 0 0 0 0 0 0 0 0 0 41 0 0 0 217 199 0 0 1 0 0 0 0 0 0 0 0 0 0 0 2 0 0 0 0 0 10 0 2 0 0 0 120 0 0 0 255 255 255 255 2 0 2 0 0 0 0 0 data 15 0x20002 0x18fb 0x60005 0xe7 0x1d6f7b90 0x129a 0x1fc248d0 0x57a 0x90007 0xc57 0x38 0xca4 0xd0003 0xca4 0x18 oops 2 4 java/util/HashMap 6 java/util/LinkedHashMap
ciMethodData java/io/InputStream <init> ()V 2 21781 orig 264 152 82 52 91 0 0 0 0 152 26 165 23 0 0 0 0 48 1 0 0 0 0 0 0 0 0 0 0 0 0 0 0 0 0 0 0 0 0 0 0 0 0 0 0 0 0 0 0 0 0 0 0 0 0 0 0 0 0 0 0 0 0 0 0 0 0 0 0 0 0 0 0 0 0 0 0 0 0 0 0 77 68 79 32 101 120 116 114 97 32 100 97 116 97 32 108 111 99 107 0 0 0 0 0 0 0 0 0 0 0 0 0 0 0 0 0 0 0 0 0 0 0 0 0 0 0 0 0 0 0 0 0 0 0 0 0 0 0 0 0 0 0 0 0 0 0 0 0 0 0 0 0 0 0 0 0 0 0 0 0 0 0 0 0 0 0 0 0 0 0 0 0 0 0 0 0 0 0 0 0 0 0 0 0 1 0 0 0 0 0 0 0 0 0 0 0 0 0 0 0 1 0 0 0 0 0 0 0 0 0 0 0 0 0 0 0 0 1 0 0 169 160 2 0 1 0 0 0 0 0 0 0 0 0 0 0 2 0 0 0 0 0 3 0 2 0 0 0 16 0 0 0 255 255 255 255 2 0 1 0 0 0 0 0 data 2 0x10002 0x5415 oops 0
ciMethod java/util/HashMap$EntrySet <init> (Ljava/util/HashMap;)V 89 1 2108 0 -1
ciMethod java/util/HashMap$EntrySet iterator ()Ljava/util/Iterator; 2065 1 5388 0 768
ciMethod java/util/HashMap$EntryIterator <init> (Ljava/util/HashMap;)V 2065 1 5388 0 -1
ciMethod java/util/HashMap$EntryIterator next ()Ljava/util/Map$Entry; 2065 1 10047 0 0
ciMethod java/util/HashMap$EntryIterator next ()Ljava/lang/Object; 2065 1 10047 0 448
ciMethod java/io/DataInputStream <init> (Ljava/io/InputStream;)V 2049 1 4070 0 0
ciMethod java/io/DataInputStream readByte ()B 2249 1 129909 0 -1
ciMethod java/io/DataInputStream readUnsignedShort ()I 2809 1 13830 0 2176
ciMethod java/io/DataInputStream readInt ()I 4097 1 35753 0 4416
ciMethodData java/io/DataInputStream readUnsignedShort ()I 2 13830 orig 264 152 82 52 91 0 0 0 0 16 7 207 23 0 0 0 0 216 1 0 0 0 0 0 0 0 0 0 0 0 0 0 0 0 0 0 0 0 0 0 0 0 0 0 0 0 0 0 0 0 0 0 0 0 0 0 0 0 0 0 0 0 0 0 0 0 0 0 0 0 0 0 0 0 0 0 0 0 0 0 0 77 68 79 32 101 120 116 114 97 32 100 97 116 97 32 108 111 99 107 0 0 0 0 0 0 0 0 0 0 0 0 0 0 0 0 0 0 0 0 0 0 0 0 0 0 0 0 0 0 0 0 0 0 0 0 0 0 0 0 0 0 0 0 0 0 0 0 0 0 0 0 0 0 0 0 0 0 0 0 0 0 0 0 0 0 0 0 0 0 0 0 0 0 0 0 0 0 0 0 0 0 0 0 0 25 0 0 0 0 0 0 0 0 0 0 0 0 0 0 0 1 0 0 0 0 0 0 0 0 0 0 0 0 0 0 0 93 1 0 0 57 165 1 0 1 0 0 0 0 0 0 0 0 0 0 0 2 0 0 0 0 0 5 0 2 0 0 0 144 0 0 0 255 255 255 255 5 0 4 0 0 0 0 0 data 18 0x40005 0x0 0x1bc73ef0 0x34a7 0x0 0x0 0xc0005 0x0 0x1bc73ef0 0x34a7 0x0 0x0 0x130007 0x34a7 0x30 0x0 0x1a0002 0x0 oops 2 2 java/io/BufferedInputStream 8 java/io/BufferedInputStream
ciMethodData java/io/DataInputStream readInt ()I 2 35753 orig 264 152 82 52 91 0 0 0 0 176 8 207 23 0 0 0 0 56 2 0 0 0 0 0 0 0 0 0 0 0 0 0 0 0 0 0 0 0 0 0 0 0 0 0 0 0 0 0 0 0 0 0 0 0 0 0 0 0 0 0 0 0 0 0 0 0 0 0 0 0 0 0 0 0 0 0 0 0 0 0 0 77 68 79 32 101 120 116 114 97 32 100 97 116 97 32 108 111 99 107 0 0 0 0 0 0 0 0 0 0 0 0 0 0 0 0 0 0 0 0 0 0 0 0 0 0 0 0 0 0 0 0 0 0 0 0 0 0 0 0 0 0 0 0 0 0 0 0 0 0 0 0 0 0 0 0 0 0 0 0 0 0 0 0 0 0 0 0 0 0 0 0 0 0 0 0 0 0 0 0 0 0 0 0 0 25 0 0 0 0 0 0 0 0 0 0 0 0 0 0 0 1 0 0 0 0 0 0 0 0 0 0 0 0 0 0 0 0 2 0 0 73 77 4 0 1 0 0 0 0 0 0 0 0 0 0 0 2 0 0 0 0 0 5 0 2 0 0 0 240 0 0 0 255 255 255 255 5 0 4 0 0 0 0 0 data 30 0x40005 0x0 0x1bc73ef0 0x89a5 0x19ad1100 0x4 0xc0005 0x0 0x1bc73ef0 0x89a5 0x19ad1100 0x4 0x140005 0x0 0x1bc73ef0 0x89a5 0x19ad1100 0x4 0x1c0005 0x0 0x1bc73ef0 0x89a5 0x19ad1100 0x4 0x290007 0x89a9 0x30 0x0 0x300002 0x0 oops 8 2 java/io/BufferedInputStream 4 java/io/ByteArrayInputStream 8 java/io/BufferedInputStream 10 java/io/ByteArrayInputStream 14 java/io/BufferedInputStream 16 java/io/ByteArrayInputStream 20 java/io/BufferedInputStream 22 java/io/ByteArrayInputStream
ciMethod java/text/MessageFormat <init> (Ljava/lang/String;)V 161 1 16 0 -1
ciMethod java/text/MessageFormat setLocale (Ljava/util/Locale;)V 105 1 9 0 -1
ciMethod java/text/MessageFormat format ([Ljava/lang/Object;Ljava/lang/StringBuffer;Ljava/text/FieldPosition;)Ljava/lang/StringBuffer; 105 1 9 0 -1
ciMethodData java/lang/Class getName ()Ljava/lang/String; 2 25029 orig 264 152 82 52 91 0 0 0 0 248 198 157 23 0 0 0 0 80 1 0 0 0 0 0 0 0 0 0 0 0 0 0 0 0 0 0 0 0 0 0 0 0 0 0 0 0 0 0 0 0 0 0 0 0 0 0 0 0 0 0 0 0 0 0 0 0 0 0 0 0 0 0 0 0 0 0 0 0 0 0 0 77 68 79 32 101 120 116 114 97 32 100 97 116 97 32 108 111 99 107 0 0 0 0 0 0 0 0 0 0 0 0 0 0 0 0 0 0 0 0 0 0 0 0 0 0 0 0 0 0 0 0 0 0 0 0 0 0 0 0 0 0 0 0 0 0 0 0 0 0 0 0 0 0 0 0 0 0 0 0 0 0 0 0 0 0 0 0 0 0 0 0 0 0 0 0 0 0 0 0 0 0 0 0 0 0 0 0 0 0 0 0 0 0 0 0 0 0 0 0 0 0 0 0 0 0 0 0 0 0 0 0 0 0 0 0 0 45 0 0 0 193 12 3 0 1 0 0 0 0 0 0 0 0 0 0 0 2 0 0 0 0 0 6 0 2 0 0 0 48 0 0 0 255 255 255 255 7 0 6 0 0 0 0 0 data 6 0x60007 0x5eee 0x30 0x2aa 0xb0002 0x2aa oops 0
ciMethodData java/util/HashMap afterNodeAccess (Ljava/util/HashMap$Node;)V 2 810 orig 264 152 82 52 91 0 0 0 0 32 168 171 23 0 0 0 0 40 1 0 0 0 0 0 0 0 0 0 0 0 0 0 0 0 0 0 0 0 0 0 0 0 0 0 0 0 0 0 0 0 0 0 0 0 0 0 0 0 0 0 0 0 0 0 0 0 0 0 0 0 0 0 0 0 0 0 0 0 0 0 0 77 68 79 32 101 120 116 114 97 32 100 97 116 97 32 108 111 99 107 0 0 0 0 0 0 0 0 0 0 0 0 0 0 0 0 0 0 0 0 0 0 0 0 0 0 0 0 0 0 0 0 0 0 0 0 0 0 0 0 0 0 0 0 0 0 0 0 0 0 0 0 0 0 0 0 0 0 0 0 0 0 0 0 0 0 0 0 0 0 0 0 0 0 0 0 0 0 0 0 0 0 0 0 0 0 0 0 0 0 0 0 0 0 0 0 0 0 0 0 0 0 0 0 0 0 0 0 0 0 0 0 0 0 0 0 0 0 1 0 0 81 17 0 0 1 0 0 0 0 0 0 0 0 0 0 0 2 0 0 0 0 0 3 0 1 0 0 0 0 0 0 0 255 255 255 255 0 0 0 0 0 0 0 0 data 0 oops 0
ciMethod java/util/NoSuchElementException <init> ()V 0 0 1 0 -1
ciMethodData java/io/FilterInputStream <init> (Ljava/io/InputStream;)V 2 15143 orig 264 152 82 52 91 0 0 0 0 240 40 178 23 0 0 0 0 56 1 0 0 0 0 0 0 0 0 0 0 0 0 0 0 0 0 0 0 0 0 0 0 0 0 0 0 0 0 0 0 0 0 0 0 0 0 0 0 0 0 0 0 0 0 0 0 0 0 0 0 0 0 0 0 0 0 0 0 0 0 0 0 77 68 79 32 101 120 116 114 97 32 100 97 116 97 32 108 111 99 107 0 0 0 0 0 0 0 0 0 0 0 0 0 0 0 0 0 0 0 0 0 0 0 0 0 0 0 0 0 0 0 0 0 0 0 0 0 0 0 0 0 0 0 0 0 0 0 0 0 0 0 0 0 0 0 0 0 0 0 0 0 0 0 0 0 0 0 0 0 0 0 0 0 0 0 0 0 0 0 0 0 0 0 0 0 1 0 0 0 0 0 0 0 0 0 0 0 0 0 0 0 1 0 0 0 0 0 0 0 0 0 0 0 0 0 0 0 0 1 0 0 57 209 1 0 1 0 0 0 0 0 0 0 0 0 0 0 2 0 0 0 0 0 3 0 2 0 0 0 16 0 0 0 255 255 255 255 2 0 1 0 0 0 0 0 data 2 0x10002 0x3a27 oops 0
ciMethodData java/lang/String valueOf (Ljava/lang/Object;)Ljava/lang/String; 2 17369 orig 264 152 82 52 91 0 0 0 0 128 112 157 23 0 0 0 0 176 1 0 0 32 0 0 0 0 0 0 0 0 0 0 0 0 0 0 0 0 0 0 0 0 0 0 0 0 0 0 0 0 0 0 0 0 0 0 0 0 0 0 0 0 0 0 0 0 0 0 0 0 0 0 0 0 0 0 0 0 0 0 0 77 68 79 32 101 120 116 114 97 32 100 97 116 97 32 108 111 99 107 0 0 0 0 0 0 0 0 0 0 0 0 0 0 0 0 0 0 0 0 0 0 0 0 0 0 0 0 0 0 0 0 0 0 0 0 0 0 0 0 0 0 0 0 0 0 0 0 0 0 0 0 0 0 0 0 0 0 0 0 0 0 0 0 0 0 0 0 0 0 0 0 0 0 0 0 0 0 0 0 0 0 0 0 0 17 0 0 0 0 0 0 0 0 0 0 0 0 0 0 0 0 0 0 0 0 0 0 0 0 0 0 0 0 0 0 0 70 0 0 0 153 28 2 0 1 0 0 0 0 0 0 0 0 0 0 0 2 0 0 0 0 0 6 0 2 0 0 0 104 0 0 0 255 255 255 255 7 0 1 0 0 0 0 0 data 13 0x10007 0x4389 0x38 0xa 0x60003 0xa 0x48 0xa0005 0x633 0x31423f0 0x3d4a 0x19ad16c0 0xc oops 2 9 java/lang/String 11 java/lang/StackTraceElement
ciMethod java/util/logging/Logger doLog (Ljava/util/logging/LogRecord;)V 0 0 3 0 -1
ciMethod java/util/logging/Logger logp (Ljava/util/logging/Level;Ljava/lang/String;Ljava/lang/String;Ljava/lang/String;)V 25 1 3 0 -1
ciMethod java/util/logging/Logger logp (Ljava/util/logging/Level;Ljava/lang/String;Ljava/lang/String;Ljava/lang/String;Lj