#
# There is insufficient memory for the Java Runtime Environment to continue.
# Native memory allocation (malloc) failed to allocate 841936 bytes for Chunk::new
# Possible reasons:
#   The system is out of physical RAM or swap space
#   In 32 bit mode, the process size limit was hit
# Possible solutions:
#   Reduce memory load on the system
#   Increase physical memory or swap space
#   Check if swap backing store is full
#   Use 64 bit Java on a 64 bit OS
#   Decrease Java heap size (-Xmx/-Xms)
#   Decrease number of Java threads
#   Decrease Java thread stack sizes (-Xss)
#   Set larger code cache with -XX:ReservedCodeCacheSize=
# This output file may be truncated or incomplete.
#
#  Out of Memory Error (allocation.cpp:390), pid=6520, tid=0x0000000000004230
#
# JRE version: Java(TM) SE Runtime Environment (8.0_161-b12) (build 1.8.0_161-b12)
# Java VM: Java HotSpot(TM) 64-Bit Server VM (25.161-b12 mixed mode windows-amd64 compressed oops)
# Failed to write core dump. Minidumps are not enabled by default on client versions of Windows
#

---------------  T H R E A D  ---------------

Current thread (0x000000001a0d9000):  JavaThread "C2 CompilerThread0" daemon [_thread_in_native, id=16944, stack(0x000000001b5e0000,0x000000001b6e0000)]

Stack: [0x000000001b5e0000,0x000000001b6e0000]
[error occurred during error reporting (printing stack bounds), id 0xc0000005]

Native frames: (J=compiled Java code, j=interpreted, Vv=VM code, C=native code)


Current CompileTask:
C2:   3579 3466       4       org.springframework.data.solr.core.convert.MappingSolrConverter$2::doWithPersistentProperty (9 bytes)


---------------  P R O C E S S  ---------------

Java Threads: ( => current thread )
  0x000000001d990000 JavaThread "Druid-ConnectionPool-Destroy-2050462663" daemon [_thread_blocked, id=14984, stack(0x000000001efb0000,0x000000001f0b0000)]
  0x000000001d98f000 JavaThread "Druid-ConnectionPool-Create-2050462663" daemon [_thread_blocked, id=18400, stack(0x000000001eeb0000,0x000000001efb0000)]
  0x000000001d98e800 JavaThread "Abandoned connection cleanup thread" daemon [_thread_blocked, id=21244, stack(0x000000001d5b0000,0x000000001d6b0000)]
  0x000000001a16f800 JavaThread "Service Thread" daemon [_thread_blocked, id=16292, stack(0x000000001b9e0000,0x000000001bae0000)]
  0x000000001a0e8000 JavaThread "C1 CompilerThread3" daemon [_thread_blocked, id=15876, stack(0x000000001b8e0000,0x000000001b9e0000)]
  0x000000001a0e7000 JavaThread "C2 CompilerThread2" daemon [_thread_in_native, id=22220, stack(0x000000001b7e0000,0x000000001b8e0000)]
  0x000000001a0df000 JavaThread "C2 CompilerThread1" daemon [_thread_blocked, id=19284, stack(0x000000001b6e0000,0x000000001b7e0000)]
=>0x000000001a0d9000 JavaThread "C2 CompilerThread0" daemon [_thread_in_native, id=16944, stack(0x000000001b5e0000,0x000000001b6e0000)]
  0x000000001a0d6000 JavaThread "Attach Listener" daemon [_thread_blocked, id=6300, stack(0x000000001b4e0000,0x000000001b5e0000)]
  0x000000001a0d5800 JavaThread "Signal Dispatcher" daemon [_thread_blocked, id=17276, stack(0x000000001b3e0000,0x000000001b4e0000)]
  0x000000001a063000 JavaThread "Finalizer" daemon [_thread_blocked, id=2768, stack(0x000000001b2e0000,0x000000001b3e0000)]
  0x00000000037ec000 JavaThread "Reference Handler" daemon [_thread_blocked, id=12168, stack(0x000000001b1e0000,0x000000001b2e0000)]
  0x00000000036f3800 JavaThread "main" [_thread_in_native, id=7812, stack(0x0000000003570000,0x0000000003670000)]

Other Threads:
  0x000000001a042800 VMThread [stack: 0x000000001b0e0000,0x000000001b1e0000] [id=19100]
  0x000000001a0fc800 WatcherThread [stack: 0x000000001bae0000,0x000000001bbe0000] [id=7976]

VM state:not at safepoint (normal execution)

VM Mutex/Monitor currently owned by a thread: None

Heap:
 PSYoungGen      total 74240K, used 48749K [0x00000000d5e00000, 0x00000000dae00000, 0x0000000100000000)
  eden space 66560K, 73% used [0x00000000d5e00000,0x00000000d8d9b530,0x00000000d9f00000)
  from space 7680K, 0% used [0x00000000d9f00000,0x00000000d9f00000,0x00000000da680000)
  to   space 7680K, 0% used [0x00000000da680000,0x00000000da680000,0x00000000dae00000)
 ParOldGen       total 57344K, used 11371K [0x0000000081a00000, 0x0000000085200000, 0x00000000d5e00000)
  object space 57344K, 19% used [0x0000000081a00000,0x000000008251afd8,0x0000000085200000)
 Metaspace       used 27380K, capacity 27738K, committed 28032K, reserved 1075200K
  class space    used 3058K, capacity 3173K, committed 3200K, reserved 1048576K

Card table byte_map: [0x0000000012bb0000,0x0000000012fb0000] byte_map_base: 0x00000000127a3000

Marking Bits: (ParMarkBitMap*) 0x000000005b46f860
 Begin Bits: [0x0000000013c60000, 0x0000000015bf8000)
 End Bits:   [0x0000000015bf8000, 0x0000000017b90000)

Polling page: 0x0000000001440000

CodeCache: size=245760Kb used=13120Kb max_used=13160Kb free=232639Kb
 bounds [0x00000000037f0000, 0x00000000044e0000, 0x00000000127f0000]
 total_blobs=4048 nmethods=3577 adapters=383
 compilation: enabled

Compilation events (10 events):
Event: 3.382 Thread 0x000000001a0d9000 3452       4       org.springframework.data.mapping.model.AnnotationBasedPersistentProperty::isAssociation (22 bytes)
Event: 3.382 Thread 0x000000001a0d9000 nmethod 3452 0x0000000004499610 code [0x0000000004499760, 0x0000000004499848]
Event: 3.383 Thread 0x000000001a0d9000 3453       4       org.springframework.util.ReflectionUtils::makeAccessible (46 bytes)
Event: 3.383 Thread 0x000000001a0d9000 nmethod 3453 0x00000000044aff10 code [0x00000000044b0040, 0x00000000044b00b8]
Event: 3.383 Thread 0x000000001a0d9000 3465       4       org.springframework.data.mapping.model.AnnotationBasedPersistentProperty::usePropertyAccess (20 bytes)
Event: 3.384 Thread 0x000000001a0d9000 nmethod 3465 0x0000000004499090 code [0x00000000044991e0, 0x0000000004499378]
Event: 3.384 Thread 0x000000001a0d9000 3466       4       org.springframework.data.solr.core.convert.MappingSolrConverter$2::doWithPersistentProperty (9 bytes)
Event: 3.454 Thread 0x000000001a0df000 nmethod 3364 0x00000000044bf910 code [0x00000000044c03e0, 0x00000000044c7968]
Event: 3.455 Thread 0x000000001a0df000 3439       4       java.util.Formatter$Conversion::isGeneral (64 bytes)
Event: 3.456 Thread 0x000000001a0df000 nmethod 3439 0x00000000044b2550 code [0x00000000044b2880, 0x00000000044b28f8]

GC Heap History (10 events):
Event: 2.288 GC heap before
{Heap before GC invocations=4 (full 0):
 PSYoungGen      total 38400K, used 38376K [0x00000000d5e00000, 0x00000000d8880000, 0x0000000100000000)
  eden space 33280K, 100% used [0x00000000d5e00000,0x00000000d7e80000,0x00000000d7e80000)
  from space 5120K, 99% used [0x00000000d7e80000,0x00000000d837a040,0x00000000d8380000)
  to   space 5120K, 0% used [0x00000000d8380000,0x00000000d8380000,0x00000000d8880000)
 ParOldGen       total 87552K, used 3929K [0x0000000081a00000, 0x0000000086f80000, 0x00000000d5e00000)
  object space 87552K, 4% used [0x0000000081a00000,0x0000000081dd6490,0x0000000086f80000)
 Metaspace       used 19173K, capacity 19428K, committed 19584K, reserved 1067008K
  class space    used 2256K, capacity 2348K, committed 2432K, reserved 1048576K
Event: 2.293 GC heap after
Heap after GC invocations=4 (full 0):
 PSYoungGen      total 38400K, used 5096K [0x00000000d5e00000, 0x00000000da900000, 0x0000000100000000)
  eden space 33280K, 0% used [0x00000000d5e00000,0x00000000d5e00000,0x00000000d7e80000)
  from space 5120K, 99% used [0x00000000d8380000,0x00000000d887a050,0x00000000d8880000)
  to   space 5120K, 0% used [0x00000000d7e80000,0x00000000d7e80000,0x00000000d8380000)
 ParOldGen       total 87552K, used 4989K [0x0000000081a00000, 0x0000000086f80000, 0x00000000d5e00000)
  object space 87552K, 5% used [0x0000000081a00000,0x0000000081edf7b0,0x0000000086f80000)
 Metaspace       used 19173K, capacity 19428K, committed 19584K, reserved 1067008K
  class space    used 2256K, capacity 2348K, committed 2432K, reserved 1048576K
}
Event: 2.365 GC heap before
{Heap before GC invocations=5 (full 0):
 PSYoungGen      total 38400K, used 38376K [0x00000000d5e00000, 0x00000000da900000, 0x0000000100000000)
  eden space 33280K, 100% used [0x00000000d5e00000,0x00000000d7e80000,0x00000000d7e80000)
  from space 5120K, 99% used [0x00000000d8380000,0x00000000d887a050,0x00000000d8880000)
  to   space 5120K, 0% used [0x00000000d7e80000,0x00000000d7e80000,0x00000000d8380000)
 ParOldGen       total 87552K, used 4989K [0x0000000081a00000, 0x0000000086f80000, 0x00000000d5e00000)
  object space 87552K, 5% used [0x0000000081a00000,0x0000000081edf7b0,0x0000000086f80000)
 Metaspace       used 19368K, capacity 19626K, committed 19840K, reserved 1067008K
  class space    used 2266K, capacity 2349K, committed 2432K, reserved 1048576K
Event: 2.369 GC heap after
Heap after GC invocations=5 (full 0):
 PSYoungGen      total 38400K, used 5112K [0x00000000d5e00000, 0x00000000dae00000, 0x0000000100000000)
  eden space 33280K, 0% used [0x00000000d5e00000,0x00000000d5e00000,0x00000000d7e80000)
  from space 5120K, 99% used [0x00000000d7e80000,0x00000000d837e050,0x00000000d8380000)
  to   space 7680K, 0% used [0x00000000da680000,0x00000000da680000,0x00000000dae00000)
 ParOldGen       total 87552K, used 6049K [0x0000000081a00000, 0x0000000086f80000, 0x00000000d5e00000)
  object space 87552K, 6% used [0x0000000081a00000,0x0000000081fe8798,0x0000000086f80000)
 Metaspace       used 19368K, capacity 19626K, committed 19840K, reserved 1067008K
  class space    used 2266K, capacity 2349K, committed 2432K, reserved 1048576K
}
Event: 2.436 GC heap before
{Heap before GC invocations=6 (full 0):
 PSYoungGen      total 38400K, used 38392K [0x00000000d5e00000, 0x00000000dae00000, 0x0000000100000000)
  eden space 33280K, 100% used [0x00000000d5e00000,0x00000000d7e80000,0x00000000d7e80000)
  from space 5120K, 99% used [0x00000000d7e80000,0x00000000d837e050,0x00000000d8380000)
  to   space 7680K, 0% used [0x00000000da680000,0x00000000da680000,0x00000000dae00000)
 ParOldGen       total 87552K, used 6049K [0x0000000081a00000, 0x0000000086f80000, 0x00000000d5e00000)
  object space 87552K, 6% used [0x0000000081a00000,0x0000000081fe8798,0x0000000086f80000)
 Metaspace       used 19558K, capacity 19842K, committed 20096K, reserved 1067008K
  class space    used 2277K, capacity 2353K, committed 2432K, reserved 1048576K
Event: 2.441 GC heap after
Heap after GC invocations=6 (full 0):
 PSYoungGen      total 74240K, used 6360K [0x00000000d5e00000, 0x00000000dae00000, 0x0000000100000000)
  eden space 66560K, 0% used [0x00000000d5e00000,0x00000000d5e00000,0x00000000d9f00000)
  from space 7680K, 82% used [0x00000000da680000,0x00000000dacb6090,0x00000000dae00000)
  to   space 7680K, 0% used [0x00000000d9f00000,0x00000000d9f00000,0x00000000da680000)
 ParOldGen       total 87552K, used 6057K [0x0000000081a00000, 0x0000000086f80000, 0x00000000d5e00000)
  object space 87552K, 6% used [0x0000000081a00000,0x0000000081fea798,0x0000000086f80000)
 Metaspace       used 19558K, capacity 19842K, committed 20096K, reserved 1067008K
  class space    used 2277K, capacity 2353K, committed 2432K, reserved 1048576K
}
Event: 2.618 GC heap before
{Heap before GC invocations=7 (full 0):
 PSYoungGen      total 74240K, used 56373K [0x00000000d5e00000, 0x00000000dae00000, 0x0000000100000000)
  eden space 66560K, 75% used [0x00000000d5e00000,0x00000000d8ed74b0,0x00000000d9f00000)
  from space 7680K, 82% used [0x00000000da680000,0x00000000dacb6090,0x00000000dae00000)
  to   space 7680K, 0% used [0x00000000d9f00000,0x00000000d9f00000,0x00000000da680000)
 ParOldGen       total 87552K, used 6057K [0x0000000081a00000, 0x0000000086f80000, 0x00000000d5e00000)
  object space 87552K, 6% used [0x0000000081a00000,0x0000000081fea798,0x0000000086f80000)
 Metaspace       used 20915K, capacity 21154K, committed 21248K, reserved 1069056K
  class space    used 2408K, capacity 2513K, committed 2560K, reserved 1048576K
Event: 2.625 GC heap after
Heap after GC invocations=7 (full 0):
 PSYoungGen      total 74240K, used 6322K [0x00000000d5e00000, 0x00000000dae00000, 0x0000000100000000)
  eden space 66560K, 0% used [0x00000000d5e00000,0x00000000d5e00000,0x00000000d9f00000)
  from space 7680K, 82% used [0x00000000d9f00000,0x00000000da52c968,0x00000000da680000)
  to   space 7680K, 0% used [0x00000000da680000,0x00000000da680000,0x00000000dae00000)
 ParOldGen       total 87552K, used 8915K [0x0000000081a00000, 0x0000000086f80000, 0x00000000d5e00000)
  object space 87552K, 10% used [0x0000000081a00000,0x00000000822b4ef0,0x0000000086f80000)
 Metaspace       used 20915K, capacity 21154K, committed 21248K, reserved 1069056K
  class space    used 2408K, capacity 2513K, committed 2560K, reserved 1048576K
}
Event: 2.625 GC heap before
{Heap before GC invocations=8 (full 1):
 PSYoungGen      total 74240K, used 6322K [0x00000000d5e00000, 0x00000000dae00000, 0x0000000100000000)
  eden space 66560K, 0% used [0x00000000d5e00000,0x00000000d5e00000,0x00000000d9f00000)
  from space 7680K, 82% used [0x00000000d9f00000,0x00000000da52c968,0x00000000da680000)
  to   space 7680K, 0% used [0x00000000da680000,0x00000000da680000,0x00000000dae00000)
 ParOldGen       total 87552K, used 8915K [0x0000000081a00000, 0x0000000086f80000, 0x00000000d5e00000)
  object space 87552K, 10% used [0x0000000081a00000,0x00000000822b4ef0,0x0000000086f80000)
 Metaspace       used 20915K, capacity 21154K, committed 21248K, reserved 1069056K
  class space    used 2408K, capacity 2513K, committed 2560K, reserved 1048576K
Event: 2.659 GC heap after
Heap after GC invocations=8 (full 1):
 PSYoungGen      total 74240K, used 0K [0x00000000d5e00000, 0x00000000dae00000, 0x0000000100000000)
  eden space 66560K, 0% used [0x00000000d5e00000,0x00000000d5e00000,0x00000000d9f00000)
  from space 7680K, 0% used [0x00000000d9f00000,0x00000000d9f00000,0x00000000da680000)
  to   space 7680K, 0% used [0x00000000da680000,0x00000000da680000,0x00000000dae00000)
 ParOldGen       total 57344K, used 11371K [0x0000000081a00000, 0x0000000085200000, 0x00000000d5e00000)
  object space 57344K, 19% used [0x0000000081a00000,0x000000008251afd8,0x0000000085200000)
 Metaspace       used 20915K, capacity 21154K, committed 21248K, reserved 1069056K
  class space    used 2408K, capacity 2513K, committed 2560K, reserved 1048576K
}

Deoptimization events (10 events):
Event: 2.922 Thread 0x000000001d98f000 Uncommon trap: reason=bimorphic action=maybe_recompile pc=0x00000000041e9a90 method=java.util.Hashtable.put(Ljava/lang/Object;Ljava/lang/Object;)Ljava/lang/Object; @ 18
Event: 2.922 Thread 0x000000001d98f000 Uncommon trap: reason=bimorphic action=maybe_recompile pc=0x00000000041e9a90 method=java.util.Hashtable.put(Ljava/lang/Object;Ljava/lang/Object;)Ljava/lang/Object; @ 18
Event: 2.922 Thread 0x000000001d98f000 Uncommon trap: reason=bimorphic action=maybe_recompile pc=0x00000000041eb838 method=java.util.Hashtable.addEntry(ILjava/lang/Object;Ljava/lang/Object;I)V @ 38
Event: 2.922 Thread 0x000000001d98f000 Uncommon trap: reason=bimorphic action=maybe_recompile pc=0x00000000041eb838 method=java.util.Hashtable.addEntry(ILjava/lang/Object;Ljava/lang/Object;I)V @ 38
Event: 2.922 Thread 0x000000001d98f000 Uncommon trap: reason=bimorphic action=maybe_recompile pc=0x00000000041eb838 method=java.util.Hashtable.addEntry(ILjava/lang/Object;Ljava/lang/Object;I)V @ 38
Event: 2.922 Thread 0x000000001d98f000 Uncommon trap: reason=bimorphic action=maybe_recompile pc=0x00000000041eb838 method=java.util.Hashtable.addEntry(ILjava/lang/Object;Ljava/lang/Object;I)V @ 38
Event: 2.925 Thread 0x000000001d98f000 Uncommon trap: reason=unstable_if action=reinterpret pc=0x0000000003c40420 method=java.lang.CharacterDataLatin1.digit(II)I @ 82
Event: 2.945 Thread 0x00000000036f3800 Uncommon trap: reason=unstable_if action=reinterpret pc=0x0000000004206c08 method=com.mysql.jdbc.util.ReadAheadInputStream.read()I @ 12
Event: 2.999 Thread 0x00000000036f3800 Uncommon trap: reason=unstable_if action=reinterpret pc=0x000000000427d0dc method=sun.nio.cs.UTF_8$Decoder.decodeArrayLoop(Ljava/nio/ByteBuffer;Ljava/nio/CharBuffer;)Ljava/nio/charset/CoderResult; @ 167
Event: 3.217 Thread 0x00000000036f3800 Uncommon trap: reason=unstable_if action=reinterpret pc=0x00000000043271a0 method=java.util.Calendar.set(II)V @ 4

Classes redefined (0 events):
No events

Internal exceptions (10 events):
Event: 2.593 Thread 0x00000000036f3800 Exception <a 'java/lang/ClassNotFoundException': com/pinyougou/pojo/TbItemExample$CriterionBeanInfo> (0x00000000d8b96160) thrown at [C:\re\workspace\8-2-build-windows-amd64-cygwin\jdk8u161\10277\hotspot\src\share\vm\classfile\systemDictionary.cpp, line 21
Event: 2.594 Thread 0x00000000036f3800 Exception <a 'java/lang/ClassNotFoundException': com/pinyougou/pojo/TbItemExample$CriterionCustomizer> (0x00000000d8ba83b8) thrown at [C:\re\workspace\8-2-build-windows-amd64-cygwin\jdk8u161\10277\hotspot\src\share\vm\classfile\systemDictionary.cpp, line 
Event: 3.119 Thread 0x00000000036f3800 Exception <a 'java/lang/ClassNotFoundException': com/pinyougou/pojo/TbItemBeanInfo> (0x00000000d7726480) thrown at [C:\re\workspace\8-2-build-windows-amd64-cygwin\jdk8u161\10277\hotspot\src\share\vm\classfile\systemDictionary.cpp, line 210]
Event: 3.119 Thread 0x00000000036f3800 Exception <a 'java/lang/ClassNotFoundException': com/pinyougou/pojo/TbItemCustomizer> (0x00000000d7734418) thrown at [C:\re\workspace\8-2-build-windows-amd64-cygwin\jdk8u161\10277\hotspot\src\share\vm\classfile\systemDictionary.cpp, line 210]
Event: 3.130 Thread 0x00000000036f3800 Exception <a 'java/lang/ClassNotFoundException': java/math/BigDecimalBeanInfo> (0x00000000d7876c68) thrown at [C:\re\workspace\8-2-build-windows-amd64-cygwin\jdk8u161\10277\hotspot\src\share\vm\classfile\systemDictionary.cpp, line 210]
Event: 3.130 Thread 0x00000000036f3800 Exception <a 'java/lang/ClassNotFoundException': java/lang/NumberBeanInfo> (0x00000000d787d230) thrown at [C:\re\workspace\8-2-build-windows-amd64-cygwin\jdk8u161\10277\hotspot\src\share\vm\classfile\systemDictionary.cpp, line 210]
Event: 3.130 Thread 0x00000000036f3800 Exception <a 'java/lang/ClassNotFoundException': java/lang/NumberCustomizer> (0x00000000d7883838) thrown at [C:\re\workspace\8-2-build-windows-amd64-cygwin\jdk8u161\10277\hotspot\src\share\vm\classfile\systemDictionary.cpp, line 210]
Event: 3.131 Thread 0x00000000036f3800 Exception <a 'java/lang/ClassNotFoundException': java/math/BigDecimalCustomizer> (0x00000000d788d5b8) thrown at [C:\re\workspace\8-2-build-windows-amd64-cygwin\jdk8u161\10277\hotspot\src\share\vm\classfile\systemDictionary.cpp, line 210]
Event: 3.135 Thread 0x00000000036f3800 Exception <a 'java/lang/ClassNotFoundException': java/math/BigIntegerBeanInfo> (0x00000000d7937f40) thrown at [C:\re\workspace\8-2-build-windows-amd64-cygwin\jdk8u161\10277\hotspot\src\share\vm\classfile\systemDictionary.cpp, line 210]
Event: 3.135 Thread 0x00000000036f3800 Exception <a 'java/lang/ClassNotFoundException': java/math/BigIntegerCustomizer> (0x00000000d793ece0) thrown at [C:\re\workspace\8-2-build-windows-amd64-cygwin\jdk8u161\10277\hotspot\src\share\vm\classfile\systemDictionary.cpp, line 210]

Events (10 events):
Event: 3.351 loading class org/apache/http/cookie/CookieOrigin
Event: 3.351 loading class org/apache/http/cookie/CookieOrigin done
Event: 3.351 loading class org/apache/http/cookie/CookieSpecRegistry$1
Event: 3.351 loading class org/apache/http/cookie/CookieSpecRegistry$1 done
Event: 3.352 loading class org/apache/http/client/protocol/RequestAuthenticationBase$1
Event: 3.352 loading class org/apache/http/client/protocol/RequestAuthenticationBase$1 done
Event: 3.352 loading class org/apache/http/message/BasicListHeaderIterator
Event: 3.352 loading class org/apache/http/message/BasicListHeaderIterator done
Event: 3.353 loading class org/apache/http/FormattedHeader
Event: 3.353 loading class org/apache/http/FormattedHeader done


Dynamic libraries:
0x00007ff7917f0000 - 0x00007ff791827000 	D:\java\jdk1.8.0_161\bin\javaw.exe
0x00007ffb0da00000 - 0x00007ffb0dbf0000 	C:\WINDOWS\SYSTEM32\ntdll.dll
0x00007ffb0c520000 - 0x00007ffb0c5d2000 	C:\WINDOWS\System32\KERNEL32.DLL
0x00007ffb0b810000 - 0x00007ffb0bab3000 	C:\WINDOWS\System32\KERNELBASE.dll
0x00007ffb0bcc0000 - 0x00007ffb0bd63000 	C:\WINDOWS\System32\ADVAPI32.dll
0x00007ffb0bac0000 - 0x00007ffb0bb5e000 	C:\WINDOWS\System32\msvcrt.dll
0x00007ffb0d920000 - 0x00007ffb0d9b7000 	C:\WINDOWS\System32\sechost.dll
0x00007ffb0c660000 - 0x00007ffb0c780000 	C:\WINDOWS\System32\RPCRT4.dll
0x00007ffb0cb70000 - 0x00007ffb0cd03000 	C:\WINDOWS\System32\USER32.dll
0x00007ffb0ab40000 - 0x00007ffb0ab61000 	C:\WINDOWS\System32\win32u.dll
0x00007ffb0ca70000 - 0x00007ffb0ca96000 	C:\WINDOWS\System32\GDI32.dll
0x00007ffb0b670000 - 0x00007ffb0b804000 	C:\WINDOWS\System32\gdi32full.dll
0x00007ffb0aa70000 - 0x00007ffb0ab0e000 	C:\WINDOWS\System32\msvcp_win.dll
0x00007ffb0b570000 - 0x00007ffb0b66a000 	C:\WINDOWS\System32\ucrtbase.dll
0x00007ffaf8880000 - 0x00007ffaf8b05000 	C:\WINDOWS\WinSxS\amd64_microsoft.windows.common-controls_6595b64144ccf1df_6.0.18362.239_none_e6c7aebd130c7608\COMCTL32.dll
0x00007ffb0c070000 - 0x00007ffb0c3a6000 	C:\WINDOWS\System32\combase.dll
0x00007ffb0ac20000 - 0x00007ffb0aca0000 	C:\WINDOWS\System32\bcryptPrimitives.dll
0x00007ffb0cd10000 - 0x00007ffb0cd3e000 	C:\WINDOWS\System32\IMM32.DLL
0x000000005c570000 - 0x000000005c642000 	D:\java\jdk1.8.0_161\jre\bin\msvcr100.dll
0x000000005ac50000 - 0x000000005b4ef000 	D:\java\jdk1.8.0_161\jre\bin\server\jvm.dll
0x00007ffb0c650000 - 0x00007ffb0c658000 	C:\WINDOWS\System32\PSAPI.DLL
0x00007ffb03a70000 - 0x00007ffb03a7a000 	C:\WINDOWS\SYSTEM32\VERSION.dll
0x00007ffb08ae0000 - 0x00007ffb08ae9000 	C:\WINDOWS\SYSTEM32\WSOCK32.dll
0x00007ffb08950000 - 0x00007ffb08974000 	C:\WINDOWS\SYSTEM32\WINMM.dll
0x00007ffb0d420000 - 0x00007ffb0d48f000 	C:\WINDOWS\System32\WS2_32.dll
0x00007ffb084d0000 - 0x00007ffb084fd000 	C:\WINDOWS\SYSTEM32\winmmbase.dll
0x00007ffb0a9a0000 - 0x00007ffb0a9ea000 	C:\WINDOWS\System32\cfgmgr32.dll
0x000000005c560000 - 0x000000005c56f000 	D:\java\jdk1.8.0_161\jre\bin\verify.dll
0x000000005c530000 - 0x000000005c559000 	D:\java\jdk1.8.0_161\jre\bin\java.dll
0x000000005c510000 - 0x000000005c526000 	D:\java\jdk1.8.0_161\jre\bin\zip.dll
0x00007ffb0cd40000 - 0x00007ffb0d420000 	C:\WINDOWS\System32\SHELL32.dll
0x00007ffb0c470000 - 0x00007ffb0c519000 	C:\WINDOWS\System32\shcore.dll
0x00007ffb0adf0000 - 0x00007ffb0b56b000 	C:\WINDOWS\System32\windows.storage.dll
0x00007ffb0a980000 - 0x00007ffb0a99f000 	C:\WINDOWS\System32\profapi.dll
0x00007ffb0a910000 - 0x00007ffb0a95a000 	C:\WINDOWS\System32\powrprof.dll
0x00007ffb0a8e0000 - 0x00007ffb0a8f0000 	C:\WINDOWS\System32\UMPDC.dll
0x00007ffb0bec0000 - 0x00007ffb0bf12000 	C:\WINDOWS\System32\shlwapi.dll
0x00007ffb0a960000 - 0x00007ffb0a971000 	C:\WINDOWS\System32\kernel.appcore.dll
0x00007ffb0aa50000 - 0x00007ffb0aa67000 	C:\WINDOWS\System32\cryptsp.dll
0x000000005c490000 - 0x000000005c4b4000 	D:\java\jdk1.8.0_161\jre\bin\sunec.dll
0x000000005c4f0000 - 0x000000005c50a000 	D:\java\jdk1.8.0_161\jre\bin\net.dll
0x00007ffb0a120000 - 0x00007ffb0a187000 	C:\WINDOWS\system32\mswsock.dll
0x00007ffb09e20000 - 0x00007ffb09e5a000 	C:\WINDOWS\SYSTEM32\IPHLPAPI.DLL
0x00007ffb0c460000 - 0x00007ffb0c468000 	C:\WINDOWS\System32\NSI.dll
0x00007ffb02a30000 - 0x00007ffb02a46000 	C:\WINDOWS\SYSTEM32\dhcpcsvc6.DLL
0x00007ffb029f0000 - 0x00007ffb02a0c000 	C:\WINDOWS\SYSTEM32\dhcpcsvc.DLL
0x00007ffb09e60000 - 0x00007ffb09f2a000 	C:\WINDOWS\SYSTEM32\DNSAPI.dll
0x000000005c4d0000 - 0x000000005c4e1000 	D:\java\jdk1.8.0_161\jre\bin\nio.dll
0x00007ffb09c80000 - 0x00007ffb09cb3000 	C:\WINDOWS\system32\rsaenh.dll
0x00007ffb0ab10000 - 0x00007ffb0ab36000 	C:\WINDOWS\System32\bcrypt.dll
0x00007ffb0a7d0000 - 0x00007ffb0a7f5000 	C:\WINDOWS\SYSTEM32\USERENV.dll
0x00007ffb0a2f0000 - 0x00007ffb0a2fc000 	C:\WINDOWS\SYSTEM32\CRYPTBASE.dll
0x000000005c4c0000 - 0x000000005c4cd000 	D:\java\jdk1.8.0_161\jre\bin\management.dll
0x00007ffb03a30000 - 0x00007ffb03a3a000 	C:\Windows\System32\rasadhlp.dll
0x00007ffb01080000 - 0x00007ffb010f7000 	C:\WINDOWS\System32\fwpuclnt.dll

VM Arguments:
jvm_args: -Dfile.encoding=UTF-8 
java_command: com.pinyougou.solrutil.SolrUtil
java_class_path (initial): D:\java\jdk1.8.0_161\jre\lib\resources.jar;D:\java\jdk1.8.0_161\jre\lib\rt.jar;D:\java\jdk1.8.0_161\jre\lib\jsse.jar;D:\java\jdk1.8.0_161\jre\lib\jce.jar;D:\java\jdk1.8.0_161\jre\lib\charsets.jar;D:\java\jdk1.8.0_161\jre\lib\jfr.jar;D:\java\jdk1.8.0_161\jre\lib\ext\access-bridge-64.jar;D:\java\jdk1.8.0_161\jre\lib\ext\cldrdata.jar;D:\java\jdk1.8.0_161\jre\lib\ext\dnsns.jar;D:\java\jdk1.8.0_161\jre\lib\ext\jaccess.jar;D:\java\jdk1.8.0_161\jre\lib\ext\jfxrt.jar;D:\java\jdk1.8.0_161\jre\lib\ext\localedata.jar;D:\java\jdk1.8.0_161\jre\lib\ext\nashorn.jar;D:\java\jdk1.8.0_161\jre\lib\ext\sunec.jar;D:\java\jdk1.8.0_161\jre\lib\ext\sunjce_provider.jar;D:\java\jdk1.8.0_161\jre\lib\ext\sunmscapi.jar;D:\java\jdk1.8.0_161\jre\lib\ext\sunpkcs11.jar;D:\java\jdk1.8.0_161\jre\lib\ext\zipfs.jar;D:\Software\eclipse-workpace\pinyougou-parent\pinyougou-solr-util\target\classes;D:\Software\eclipse-workpace\pinyougou-parent\pinyougou-dao\target\classes;D:\maven\Maven\repository\com\github\pagehelper\pagehelper\4.0.0\pagehelper-4.0.0.jar;D:\maven\Maven\repository\com\github\jsqlparser\jsqlparser\0.9.1\jsqlparser-0.9.1.jar;D:\maven\Maven\repository\org\mybatis\mybatis\3.2.8\mybatis-3.2.8.jar;D:\maven\Maven\repository\org\mybatis\mybatis-spring\1.2.2\mybatis-spring-1.2.2.jar;D:\maven\Maven\repository\com\github\miemiedev\mybatis-paginator\1.2.15\mybatis-paginator-1.2.15.jar;D:\maven\Maven\repository\org\slf4j\slf4j-api\1.7.2\slf4j-api-1.7.2.jar;D:\maven\Maven\repository\mysql\mysql-connector-java\5.1.32\mysql-connector-java-5.1.32.jar;D:\maven\Maven\repository\com\alibaba\druid\1.0.9\druid-1.0.9.jar;D:\Software\eclipse-workpace\pinyougou-parent\pinyougou-pojo\target\classes;D:\maven\Maven\repository\org\springframework\data\spring-data-solr\1.5.5.RELEASE\spring-data-solr-1.5.5.RELEASE.jar;D:\maven\Maven\repository\org\springframework\data\spring-data-commons\1.11.5.RELEASE\spring-data-commons-1.11.5.RELEASE.jar;D:\maven\Maven\repository\org\apache\commons\commo
Launcher Type: SUN_STANDARD

Environment Variables:
JAVA_HOME=D:\java\jdk1.8.0
PATH=D:/java/jdk1.8.0/bin/server;D:/java/jdk1.8.0/bin;D:/java/jdk1.8.0/lib/amd64;D:\Software\Xftp\;D:\Software\Xshell 6\;D:\java\jdk1.8.0\bin;D:\java\jdk1.8.0\jre\bin;D:\maven\apache-maven-3.6.1\bin;D:\Program Files\MySQL\MySQL Server 5.7\bin;%CATALINA_HOME%\lib;%CATALINA_HOME%\bin;C:\WINDOWS\system32;C:\WINDOWS;C:\WINDOWS\System32\Wbem;C:\WINDOWS\System32\WindowsPowerShell\v1.0\;C:\WINDOWS\System32\OpenSSH\;C:\Users\…ÚºŒ«Ï\AppData\Local\Microsoft\WindowsApps;;D:\Software\eclipse;
USERNAME=…ÚºŒ«Ï
OS=Windows_NT
PROCESSOR_IDENTIFIER=Intel64 Family 6 Model 158 Stepping 10, GenuineIntel



---------------  S Y S T E M  ---------------

OS: Windows 10.0 , 64 bit Build 18362 (10.0.18362.86)

CPU:total 12 (initial active 12) (6 cores per cpu, 2 threads per core) family 6 model 158 stepping 10, cmov, cx8, fxsr, mmx, sse, sse2, sse3, ssse3, sse4.1, sse4.2, popcnt, avx, avx2, aes, clmul, erms, 3dnowpref, lzcnt, ht, tsc, tscinvbit, bmi1, bmi2, adx

Memory: 4k page, physical 8276260k(452568k free), swap 21310376k(2944k free)

vm_info: Java HotSpot(TM) 64-Bit Server VM (25.161-b12) for windows-amd64 JRE (1.8.0_161-b12), built on Dec 19 2017 17:52:25 by "java_re" with MS VC++ 10.0 (VS2010)

time: Fri Aug 16 20:38:09 2019
elapsed time: 3 seconds (0d 0h 0m 3s)

